['ERROR]2023-05-08 02:10:38,499(yyyy-MM-ddHH:mm:ss.SSS][main]Utilities.Loggerload1)-Error - You can not divide a number by zero
['INFO ]2023-05-08 02:10:38,514(yyyy-MM-ddHH:mm:ss.SSS][main]Utilities.Loggerload1)-Info  - Addition of integers
['WARN ]2023-05-08 02:10:38,522(yyyy-MM-ddHH:mm:ss.SSS][main]Utilities.Loggerload1)-Warning - Testing
['ERROR]2023-05-08 02:10:39,304(yyyy-MM-ddHH:mm:ss.SSS][main]Utilities.Loggerload1)-Error - You can not divide a number by zero
['INFO ]2023-05-08 02:10:39,317(yyyy-MM-ddHH:mm:ss.SSS][main]Utilities.Loggerload1)-Info  - Addition of integers
['WARN ]2023-05-08 02:10:39,321(yyyy-MM-ddHH:mm:ss.SSS][main]Utilities.Loggerload1)-Warning - Testing
['ERROR]2023-05-08 02:58:41,835(yyyy-MM-ddHH:mm:ss.SSS][main]Utilities.Loggerload1)-Steps Failed , Taking Screenshot
['ERROR]2023-05-08 02:58:41,975(yyyy-MM-ddHH:mm:ss.SSS][main]Utilities.Loggerload1)-Steps Failed , Taking Screenshot
['ERROR]2023-05-08 02:58:42,509(yyyy-MM-ddHH:mm:ss.SSS][main]Utilities.Loggerload1)-Steps Failed , Taking Screenshot
['ERROR]2023-05-08 02:58:43,617(yyyy-MM-ddHH:mm:ss.SSS][main]Utilities.Loggerload1)-Steps Failed , Taking Screenshot
['INFO ]2023-05-08 02:58:43,658(yyyy-MM-ddHH:mm:ss.SSS][main]Utilities.Loggerload1)-User is in the home page
['ERROR]2023-05-08 02:58:43,668(yyyy-MM-ddHH:mm:ss.SSS][main]Utilities.Loggerload1)-Steps Failed , Taking Screenshot
['ERROR]2023-05-08 02:58:43,687(yyyy-MM-ddHH:mm:ss.SSS][main]Utilities.Loggerload1)-Steps Failed , Taking Screenshot
['ERROR]2023-05-08 02:58:43,712(yyyy-MM-ddHH:mm:ss.SSS][main]Utilities.Loggerload1)-Steps Failed , Taking Screenshot
['INFO ]2023-05-08 02:58:43,736(yyyy-MM-ddHH:mm:ss.SSS][main]Utilities.Loggerload1)-User is in the Tree Module Page
['ERROR]2023-05-08 02:58:43,744(yyyy-MM-ddHH:mm:ss.SSS][main]Utilities.Loggerload1)-Steps Failed , Taking Screenshot
['ERROR]2023-05-08 02:58:43,761(yyyy-MM-ddHH:mm:ss.SSS][main]Utilities.Loggerload1)-Steps Failed , Taking Screenshot
['INFO ]2023-05-08 03:00:08,541(yyyy-MM-ddHH:mm:ss.SSS][main]Utilities.Loggerload1)-Website Opened
['ERROR]2023-05-08 03:00:14,211(yyyy-MM-ddHH:mm:ss.SSS][main]Utilities.Loggerload1)-Steps Failed , Taking Screenshot
['ERROR]2023-05-08 03:00:24,091(yyyy-MM-ddHH:mm:ss.SSS][main]Utilities.Loggerload1)-Steps Failed , Taking Screenshot
['ERROR]2023-05-08 03:00:24,243(yyyy-MM-ddHH:mm:ss.SSS][main]Utilities.Loggerload1)-Steps Failed , Taking Screenshot
['ERROR]2023-05-08 03:00:25,385(yyyy-MM-ddHH:mm:ss.SSS][main]Utilities.Loggerload1)-Steps Failed , Taking Screenshot
['INFO ]2023-05-08 03:00:25,437(yyyy-MM-ddHH:mm:ss.SSS][main]Utilities.Loggerload1)-User is in the home page
['ERROR]2023-05-08 03:00:25,451(yyyy-MM-ddHH:mm:ss.SSS][main]Utilities.Loggerload1)-Steps Failed , Taking Screenshot
['ERROR]2023-05-08 03:00:25,502(yyyy-MM-ddHH:mm:ss.SSS][main]Utilities.Loggerload1)-Steps Failed , Taking Screenshot
['ERROR]2023-05-08 03:00:25,540(yyyy-MM-ddHH:mm:ss.SSS][main]Utilities.Loggerload1)-Steps Failed , Taking Screenshot
['INFO ]2023-05-08 03:00:25,575(yyyy-MM-ddHH:mm:ss.SSS][main]Utilities.Loggerload1)-User is in the Tree Module Page
['ERROR]2023-05-08 03:00:25,596(yyyy-MM-ddHH:mm:ss.SSS][main]Utilities.Loggerload1)-Steps Failed , Taking Screenshot
['ERROR]2023-05-08 03:00:25,631(yyyy-MM-ddHH:mm:ss.SSS][main]Utilities.Loggerload1)-Steps Failed , Taking Screenshot
['INFO ]2023-05-08 03:04:15,396(yyyy-MM-ddHH:mm:ss.SSS][main]Utilities.Loggerload1)-Website Opened
['ERROR]2023-05-08 03:04:21,019(yyyy-MM-ddHH:mm:ss.SSS][main]Utilities.Loggerload1)-Steps Failed , Taking Screenshot
['ERROR]2023-05-08 03:04:28,844(yyyy-MM-ddHH:mm:ss.SSS][main]Utilities.Loggerload1)-Steps Failed , Taking Screenshot
['ERROR]2023-05-08 03:04:28,985(yyyy-MM-ddHH:mm:ss.SSS][main]Utilities.Loggerload1)-Steps Failed , Taking Screenshot
['ERROR]2023-05-08 03:04:30,101(yyyy-MM-ddHH:mm:ss.SSS][main]Utilities.Loggerload1)-Steps Failed , Taking Screenshot
['INFO ]2023-05-08 03:04:30,149(yyyy-MM-ddHH:mm:ss.SSS][main]Utilities.Loggerload1)-User is in the home page
['ERROR]2023-05-08 03:04:30,170(yyyy-MM-ddHH:mm:ss.SSS][main]Utilities.Loggerload1)-Steps Failed , Taking Screenshot
['ERROR]2023-05-08 03:04:30,233(yyyy-MM-ddHH:mm:ss.SSS][main]Utilities.Loggerload1)-Steps Failed , Taking Screenshot
['ERROR]2023-05-08 03:04:30,272(yyyy-MM-ddHH:mm:ss.SSS][main]Utilities.Loggerload1)-Steps Failed , Taking Screenshot
['INFO ]2023-05-08 03:04:30,305(yyyy-MM-ddHH:mm:ss.SSS][main]Utilities.Loggerload1)-User is in the Tree Module Page
['ERROR]2023-05-08 03:04:30,327(yyyy-MM-ddHH:mm:ss.SSS][main]Utilities.Loggerload1)-Steps Failed , Taking Screenshot
['ERROR]2023-05-08 03:04:30,357(yyyy-MM-ddHH:mm:ss.SSS][main]Utilities.Loggerload1)-Steps Failed , Taking Screenshot
['INFO ]2023-05-08 03:10:22,204(yyyy-MM-ddHH:mm:ss.SSS][main]Utilities.Loggerload1)-Website Opened
['ERROR]2023-05-08 03:10:27,799(yyyy-MM-ddHH:mm:ss.SSS][main]Utilities.Loggerload1)-Steps Failed , Taking Screenshot
['ERROR]2023-05-08 03:10:41,377(yyyy-MM-ddHH:mm:ss.SSS][main]Utilities.Loggerload1)-Steps Failed , Taking Screenshot
['ERROR]2023-05-08 03:10:41,749(yyyy-MM-ddHH:mm:ss.SSS][main]Utilities.Loggerload1)-Steps Failed , Taking Screenshot
['ERROR]2023-05-08 03:10:43,151(yyyy-MM-ddHH:mm:ss.SSS][main]Utilities.Loggerload1)-Steps Failed , Taking Screenshot
['INFO ]2023-05-08 03:10:43,198(yyyy-MM-ddHH:mm:ss.SSS][main]Utilities.Loggerload1)-User is in the home page
['ERROR]2023-05-08 03:10:43,216(yyyy-MM-ddHH:mm:ss.SSS][main]Utilities.Loggerload1)-Steps Failed , Taking Screenshot
['ERROR]2023-05-08 03:10:43,267(yyyy-MM-ddHH:mm:ss.SSS][main]Utilities.Loggerload1)-Steps Failed , Taking Screenshot
['ERROR]2023-05-08 03:10:43,342(yyyy-MM-ddHH:mm:ss.SSS][main]Utilities.Loggerload1)-Steps Failed , Taking Screenshot
['INFO ]2023-05-08 03:10:43,384(yyyy-MM-ddHH:mm:ss.SSS][main]Utilities.Loggerload1)-User is in the Tree Module Page
['ERROR]2023-05-08 03:10:43,415(yyyy-MM-ddHH:mm:ss.SSS][main]Utilities.Loggerload1)-Steps Failed , Taking Screenshot
['ERROR]2023-05-08 03:10:43,482(yyyy-MM-ddHH:mm:ss.SSS][main]Utilities.Loggerload1)-Steps Failed , Taking Screenshot
['INFO ]2023-05-08 03:16:42,501(yyyy-MM-ddHH:mm:ss.SSS][main]Utilities.Loggerload1)-Website Opened
['ERROR]2023-05-08 03:16:47,839(yyyy-MM-ddHH:mm:ss.SSS][main]Utilities.Loggerload1)-Steps Failed , Taking Screenshot
['ERROR]2023-05-08 03:16:57,182(yyyy-MM-ddHH:mm:ss.SSS][main]Utilities.Loggerload1)-Steps Failed , Taking Screenshot
['ERROR]2023-05-08 03:16:57,335(yyyy-MM-ddHH:mm:ss.SSS][main]Utilities.Loggerload1)-Steps Failed , Taking Screenshot
['ERROR]2023-05-08 03:16:58,462(yyyy-MM-ddHH:mm:ss.SSS][main]Utilities.Loggerload1)-Steps Failed , Taking Screenshot
['INFO ]2023-05-08 03:16:58,517(yyyy-MM-ddHH:mm:ss.SSS][main]Utilities.Loggerload1)-User is in the home page
['ERROR]2023-05-08 03:16:58,550(yyyy-MM-ddHH:mm:ss.SSS][main]Utilities.Loggerload1)-Steps Failed , Taking Screenshot
['ERROR]2023-05-08 03:16:58,599(yyyy-MM-ddHH:mm:ss.SSS][main]Utilities.Loggerload1)-Steps Failed , Taking Screenshot
['ERROR]2023-05-08 03:16:58,648(yyyy-MM-ddHH:mm:ss.SSS][main]Utilities.Loggerload1)-Steps Failed , Taking Screenshot
['INFO ]2023-05-08 03:16:58,673(yyyy-MM-ddHH:mm:ss.SSS][main]Utilities.Loggerload1)-User is in the Tree Module Page
['ERROR]2023-05-08 03:16:58,697(yyyy-MM-ddHH:mm:ss.SSS][main]Utilities.Loggerload1)-Steps Failed , Taking Screenshot
['ERROR]2023-05-08 03:16:58,739(yyyy-MM-ddHH:mm:ss.SSS][main]Utilities.Loggerload1)-Steps Failed , Taking Screenshot
['INFO ]2023-05-08 10:32:16,021(yyyy-MM-ddHH:mm:ss.SSS][main]Utilities.Loggerload1)-Website Opened
['ERROR]2023-05-08 10:32:20,992(yyyy-MM-ddHH:mm:ss.SSS][main]Utilities.Loggerload1)-Steps Failed , Taking Screenshot
['ERROR]2023-05-08 10:32:29,699(yyyy-MM-ddHH:mm:ss.SSS][main]Utilities.Loggerload1)-Steps Failed , Taking Screenshot
['ERROR]2023-05-08 10:32:29,871(yyyy-MM-ddHH:mm:ss.SSS][main]Utilities.Loggerload1)-Steps Failed , Taking Screenshot
['ERROR]2023-05-08 10:32:31,030(yyyy-MM-ddHH:mm:ss.SSS][main]Utilities.Loggerload1)-Steps Failed , Taking Screenshot
['INFO ]2023-05-08 10:32:31,081(yyyy-MM-ddHH:mm:ss.SSS][main]Utilities.Loggerload1)-User is in the home page
['ERROR]2023-05-08 10:32:31,096(yyyy-MM-ddHH:mm:ss.SSS][main]Utilities.Loggerload1)-Steps Failed , Taking Screenshot
['ERROR]2023-05-08 10:32:31,134(yyyy-MM-ddHH:mm:ss.SSS][main]Utilities.Loggerload1)-Steps Failed , Taking Screenshot
['ERROR]2023-05-08 10:32:31,196(yyyy-MM-ddHH:mm:ss.SSS][main]Utilities.Loggerload1)-Steps Failed , Taking Screenshot
['INFO ]2023-05-08 10:32:31,226(yyyy-MM-ddHH:mm:ss.SSS][main]Utilities.Loggerload1)-User is in the Tree Module Page
['ERROR]2023-05-08 10:32:31,253(yyyy-MM-ddHH:mm:ss.SSS][main]Utilities.Loggerload1)-Steps Failed , Taking Screenshot
['ERROR]2023-05-08 10:32:31,290(yyyy-MM-ddHH:mm:ss.SSS][main]Utilities.Loggerload1)-Steps Failed , Taking Screenshot
['INFO ]2023-05-08 10:32:40,806(yyyy-MM-ddHH:mm:ss.SSS][main]Utilities.Loggerload1)-Website Opened
['ERROR]2023-05-08 10:32:45,780(yyyy-MM-ddHH:mm:ss.SSS][main]Utilities.Loggerload1)-Steps Failed , Taking Screenshot
['ERROR]2023-05-08 10:32:59,743(yyyy-MM-ddHH:mm:ss.SSS][main]Utilities.Loggerload1)-Steps Failed , Taking Screenshot
['ERROR]2023-05-08 10:33:00,149(yyyy-MM-ddHH:mm:ss.SSS][main]Utilities.Loggerload1)-Steps Failed , Taking Screenshot
['ERROR]2023-05-08 10:33:01,503(yyyy-MM-ddHH:mm:ss.SSS][main]Utilities.Loggerload1)-Steps Failed , Taking Screenshot
['INFO ]2023-05-08 10:33:01,547(yyyy-MM-ddHH:mm:ss.SSS][main]Utilities.Loggerload1)-User is in the home page
['ERROR]2023-05-08 10:33:01,577(yyyy-MM-ddHH:mm:ss.SSS][main]Utilities.Loggerload1)-Steps Failed , Taking Screenshot
['ERROR]2023-05-08 10:33:01,613(yyyy-MM-ddHH:mm:ss.SSS][main]Utilities.Loggerload1)-Steps Failed , Taking Screenshot
['ERROR]2023-05-08 10:33:01,660(yyyy-MM-ddHH:mm:ss.SSS][main]Utilities.Loggerload1)-Steps Failed , Taking Screenshot
['INFO ]2023-05-08 10:33:01,691(yyyy-MM-ddHH:mm:ss.SSS][main]Utilities.Loggerload1)-User is in the Tree Module Page
['ERROR]2023-05-08 10:33:01,735(yyyy-MM-ddHH:mm:ss.SSS][main]Utilities.Loggerload1)-Steps Failed , Taking Screenshot
['ERROR]2023-05-08 10:33:01,782(yyyy-MM-ddHH:mm:ss.SSS][main]Utilities.Loggerload1)-Steps Failed , Taking Screenshot
['INFO ]2023-05-08 10:33:24,828(yyyy-MM-ddHH:mm:ss.SSS][main]Utilities.Loggerload1)-Website Opened
['ERROR]2023-05-08 10:33:29,822(yyyy-MM-ddHH:mm:ss.SSS][main]Utilities.Loggerload1)-Steps Failed , Taking Screenshot
['ERROR]2023-05-08 10:33:39,702(yyyy-MM-ddHH:mm:ss.SSS][main]Utilities.Loggerload1)-Steps Failed , Taking Screenshot
['ERROR]2023-05-08 10:33:39,895(yyyy-MM-ddHH:mm:ss.SSS][main]Utilities.Loggerload1)-Steps Failed , Taking Screenshot
['ERROR]2023-05-08 10:33:41,063(yyyy-MM-ddHH:mm:ss.SSS][main]Utilities.Loggerload1)-Steps Failed , Taking Screenshot
['INFO ]2023-05-08 10:33:41,114(yyyy-MM-ddHH:mm:ss.SSS][main]Utilities.Loggerload1)-User is in the home page
['ERROR]2023-05-08 10:33:41,141(yyyy-MM-ddHH:mm:ss.SSS][main]Utilities.Loggerload1)-Steps Failed , Taking Screenshot
['ERROR]2023-05-08 10:33:41,213(yyyy-MM-ddHH:mm:ss.SSS][main]Utilities.Loggerload1)-Steps Failed , Taking Screenshot
['ERROR]2023-05-08 10:33:41,285(yyyy-MM-ddHH:mm:ss.SSS][main]Utilities.Loggerload1)-Steps Failed , Taking Screenshot
['INFO ]2023-05-08 10:33:41,308(yyyy-MM-ddHH:mm:ss.SSS][main]Utilities.Loggerload1)-User is in the Tree Module Page
['ERROR]2023-05-08 10:33:41,339(yyyy-MM-ddHH:mm:ss.SSS][main]Utilities.Loggerload1)-Steps Failed , Taking Screenshot
['ERROR]2023-05-08 10:33:41,403(yyyy-MM-ddHH:mm:ss.SSS][main]Utilities.Loggerload1)-Steps Failed , Taking Screenshot
['INFO ]2023-05-08 10:34:21,978(yyyy-MM-ddHH:mm:ss.SSS][main]Utilities.Loggerload1)-Website Opened
['ERROR]2023-05-08 10:34:27,112(yyyy-MM-ddHH:mm:ss.SSS][main]Utilities.Loggerload1)-Steps Failed , Taking Screenshot
['ERROR]2023-05-08 10:34:41,129(yyyy-MM-ddHH:mm:ss.SSS][main]Utilities.Loggerload1)-Steps Failed , Taking Screenshot
['ERROR]2023-05-08 10:34:41,515(yyyy-MM-ddHH:mm:ss.SSS][main]Utilities.Loggerload1)-Steps Failed , Taking Screenshot
['ERROR]2023-05-08 10:34:52,894(yyyy-MM-ddHH:mm:ss.SSS][main]Utilities.Loggerload1)-Steps Failed , Taking Screenshot
['INFO ]2023-05-08 10:34:53,177(yyyy-MM-ddHH:mm:ss.SSS][main]Utilities.Loggerload1)-User is in the home page
['ERROR]2023-05-08 10:35:03,194(yyyy-MM-ddHH:mm:ss.SSS][main]Utilities.Loggerload1)-Steps Failed , Taking Screenshot
['ERROR]2023-05-08 10:35:14,582(yyyy-MM-ddHH:mm:ss.SSS][main]Utilities.Loggerload1)-Steps Failed , Taking Screenshot
['ERROR]2023-05-08 10:35:16,793(yyyy-MM-ddHH:mm:ss.SSS][main]Utilities.Loggerload1)-Steps Failed , Taking Screenshot
['INFO ]2023-05-08 10:35:17,091(yyyy-MM-ddHH:mm:ss.SSS][main]Utilities.Loggerload1)-User is in the Tree Module Page
['ERROR]2023-05-08 10:35:27,654(yyyy-MM-ddHH:mm:ss.SSS][main]Utilities.Loggerload1)-Steps Failed , Taking Screenshot
['ERROR]2023-05-08 10:35:38,938(yyyy-MM-ddHH:mm:ss.SSS][main]Utilities.Loggerload1)-Steps Failed , Taking Screenshot
['INFO ]2023-05-08 10:54:06,572(yyyy-MM-ddHH:mm:ss.SSS][main]Utilities.Loggerload1)-Website Opened
['ERROR]2023-05-08 10:54:10,981(yyyy-MM-ddHH:mm:ss.SSS][main]Utilities.Loggerload1)-Steps Failed , Taking Screenshot
['ERROR]2023-05-08 10:54:20,496(yyyy-MM-ddHH:mm:ss.SSS][main]Utilities.Loggerload1)-Steps Failed , Taking Screenshot
['ERROR]2023-05-08 10:54:20,614(yyyy-MM-ddHH:mm:ss.SSS][main]Utilities.Loggerload1)-Steps Failed , Taking Screenshot
['ERROR]2023-05-08 10:54:21,716(yyyy-MM-ddHH:mm:ss.SSS][main]Utilities.Loggerload1)-Steps Failed , Taking Screenshot
['INFO ]2023-05-08 10:54:21,747(yyyy-MM-ddHH:mm:ss.SSS][main]Utilities.Loggerload1)-User is in the home page
['ERROR]2023-05-08 10:54:21,761(yyyy-MM-ddHH:mm:ss.SSS][main]Utilities.Loggerload1)-Steps Failed , Taking Screenshot
['ERROR]2023-05-08 10:54:21,786(yyyy-MM-ddHH:mm:ss.SSS][main]Utilities.Loggerload1)-Steps Failed , Taking Screenshot
['ERROR]2023-05-08 10:54:21,816(yyyy-MM-ddHH:mm:ss.SSS][main]Utilities.Loggerload1)-Steps Failed , Taking Screenshot
['INFO ]2023-05-08 10:54:21,838(yyyy-MM-ddHH:mm:ss.SSS][main]Utilities.Loggerload1)-User is in the Tree Module Page
['ERROR]2023-05-08 10:54:21,852(yyyy-MM-ddHH:mm:ss.SSS][main]Utilities.Loggerload1)-Steps Failed , Taking Screenshot
['ERROR]2023-05-08 10:54:21,875(yyyy-MM-ddHH:mm:ss.SSS][main]Utilities.Loggerload1)-Steps Failed , Taking Screenshot
['INFO ]2023-05-08 10:55:28,450(yyyy-MM-ddHH:mm:ss.SSS][main]Utilities.Loggerload1)-Website Opened
['ERROR]2023-05-08 10:55:32,812(yyyy-MM-ddHH:mm:ss.SSS][main]Utilities.Loggerload1)-Steps Failed , Taking Screenshot
['ERROR]2023-05-08 10:55:45,963(yyyy-MM-ddHH:mm:ss.SSS][main]Utilities.Loggerload1)-Steps Failed , Taking Screenshot
['ERROR]2023-05-08 10:55:46,189(yyyy-MM-ddHH:mm:ss.SSS][main]Utilities.Loggerload1)-Steps Failed , Taking Screenshot
['ERROR]2023-05-08 10:55:57,485(yyyy-MM-ddHH:mm:ss.SSS][main]Utilities.Loggerload1)-Steps Failed , Taking Screenshot
['INFO ]2023-05-08 10:55:57,689(yyyy-MM-ddHH:mm:ss.SSS][main]Utilities.Loggerload1)-User is in the home page
['ERROR]2023-05-08 10:56:05,577(yyyy-MM-ddHH:mm:ss.SSS][main]Utilities.Loggerload1)-Steps Failed , Taking Screenshot
['ERROR]2023-05-08 10:56:05,607(yyyy-MM-ddHH:mm:ss.SSS][main]Utilities.Loggerload1)-Steps Failed , Taking Screenshot
['ERROR]2023-05-08 10:56:05,651(yyyy-MM-ddHH:mm:ss.SSS][main]Utilities.Loggerload1)-Steps Failed , Taking Screenshot
['INFO ]2023-05-08 10:56:05,691(yyyy-MM-ddHH:mm:ss.SSS][main]Utilities.Loggerload1)-User is in the Tree Module Page
['ERROR]2023-05-08 10:56:05,711(yyyy-MM-ddHH:mm:ss.SSS][main]Utilities.Loggerload1)-Steps Failed , Taking Screenshot
['ERROR]2023-05-08 10:56:05,751(yyyy-MM-ddHH:mm:ss.SSS][main]Utilities.Loggerload1)-Steps Failed , Taking Screenshot
['INFO ]2023-05-08 10:56:15,634(yyyy-MM-ddHH:mm:ss.SSS][main]Utilities.Loggerload1)-Website Opened
['ERROR]2023-05-08 10:56:19,992(yyyy-MM-ddHH:mm:ss.SSS][main]Utilities.Loggerload1)-Steps Failed , Taking Screenshot
['ERROR]2023-05-08 10:56:33,037(yyyy-MM-ddHH:mm:ss.SSS][main]Utilities.Loggerload1)-Steps Failed , Taking Screenshot
['ERROR]2023-05-08 10:56:33,250(yyyy-MM-ddHH:mm:ss.SSS][main]Utilities.Loggerload1)-Steps Failed , Taking Screenshot
['ERROR]2023-05-08 10:56:39,395(yyyy-MM-ddHH:mm:ss.SSS][main]Utilities.Loggerload1)-Steps Failed , Taking Screenshot
['INFO ]2023-05-08 10:56:39,429(yyyy-MM-ddHH:mm:ss.SSS][main]Utilities.Loggerload1)-User is in the home page
['ERROR]2023-05-08 10:56:39,448(yyyy-MM-ddHH:mm:ss.SSS][main]Utilities.Loggerload1)-Steps Failed , Taking Screenshot
['ERROR]2023-05-08 10:56:39,487(yyyy-MM-ddHH:mm:ss.SSS][main]Utilities.Loggerload1)-Steps Failed , Taking Screenshot
['ERROR]2023-05-08 10:56:39,526(yyyy-MM-ddHH:mm:ss.SSS][main]Utilities.Loggerload1)-Steps Failed , Taking Screenshot
['INFO ]2023-05-08 10:56:39,547(yyyy-MM-ddHH:mm:ss.SSS][main]Utilities.Loggerload1)-User is in the Tree Module Page
['ERROR]2023-05-08 10:56:39,569(yyyy-MM-ddHH:mm:ss.SSS][main]Utilities.Loggerload1)-Steps Failed , Taking Screenshot
['ERROR]2023-05-08 10:56:39,599(yyyy-MM-ddHH:mm:ss.SSS][main]Utilities.Loggerload1)-Steps Failed , Taking Screenshot
['INFO ]2023-05-08 11:36:25,247(yyyy-MM-ddHH:mm:ss.SSS][main]Utilities.Loggerload1)-Website Opened
['ERROR]2023-05-08 11:36:29,740(yyyy-MM-ddHH:mm:ss.SSS][main]Utilities.Loggerload1)-Steps Failed , Taking Screenshot
['ERROR]2023-05-08 11:36:37,660(yyyy-MM-ddHH:mm:ss.SSS][main]Utilities.Loggerload1)-Steps Failed , Taking Screenshot
['ERROR]2023-05-08 11:36:37,785(yyyy-MM-ddHH:mm:ss.SSS][main]Utilities.Loggerload1)-Steps Failed , Taking Screenshot
['ERROR]2023-05-08 11:36:38,899(yyyy-MM-ddHH:mm:ss.SSS][main]Utilities.Loggerload1)-Steps Failed , Taking Screenshot
['INFO ]2023-05-08 11:36:38,921(yyyy-MM-ddHH:mm:ss.SSS][main]Utilities.Loggerload1)-User is in the home page
['ERROR]2023-05-08 11:36:38,927(yyyy-MM-ddHH:mm:ss.SSS][main]Utilities.Loggerload1)-Steps Failed , Taking Screenshot
['ERROR]2023-05-08 11:36:38,960(yyyy-MM-ddHH:mm:ss.SSS][main]Utilities.Loggerload1)-Steps Failed , Taking Screenshot
['ERROR]2023-05-08 11:36:39,003(yyyy-MM-ddHH:mm:ss.SSS][main]Utilities.Loggerload1)-Steps Failed , Taking Screenshot
['INFO ]2023-05-08 11:36:39,023(yyyy-MM-ddHH:mm:ss.SSS][main]Utilities.Loggerload1)-User is in the Tree Module Page
['ERROR]2023-05-08 11:36:39,045(yyyy-MM-ddHH:mm:ss.SSS][main]Utilities.Loggerload1)-Steps Failed , Taking Screenshot
['ERROR]2023-05-08 11:36:39,071(yyyy-MM-ddHH:mm:ss.SSS][main]Utilities.Loggerload1)-Steps Failed , Taking Screenshot
['INFO ]2023-05-08 11:36:45,294(yyyy-MM-ddHH:mm:ss.SSS][main]Utilities.Loggerload1)-Website Opened
['ERROR]2023-05-08 11:36:49,756(yyyy-MM-ddHH:mm:ss.SSS][main]Utilities.Loggerload1)-Steps Failed , Taking Screenshot
['ERROR]2023-05-08 11:37:01,076(yyyy-MM-ddHH:mm:ss.SSS][main]Utilities.Loggerload1)-Steps Failed , Taking Screenshot
['ERROR]2023-05-08 11:37:01,156(yyyy-MM-ddHH:mm:ss.SSS][main]Utilities.Loggerload1)-Steps Failed , Taking Screenshot
['ERROR]2023-05-08 11:37:02,264(yyyy-MM-ddHH:mm:ss.SSS][main]Utilities.Loggerload1)-Steps Failed , Taking Screenshot
['INFO ]2023-05-08 11:37:02,295(yyyy-MM-ddHH:mm:ss.SSS][main]Utilities.Loggerload1)-User is in the home page
['ERROR]2023-05-08 11:37:02,326(yyyy-MM-ddHH:mm:ss.SSS][main]Utilities.Loggerload1)-Steps Failed , Taking Screenshot
['ERROR]2023-05-08 11:37:02,373(yyyy-MM-ddHH:mm:ss.SSS][main]Utilities.Loggerload1)-Steps Failed , Taking Screenshot
['ERROR]2023-05-08 11:37:02,436(yyyy-MM-ddHH:mm:ss.SSS][main]Utilities.Loggerload1)-Steps Failed , Taking Screenshot
['INFO ]2023-05-08 11:37:02,467(yyyy-MM-ddHH:mm:ss.SSS][main]Utilities.Loggerload1)-User is in the Tree Module Page
['ERROR]2023-05-08 11:37:02,483(yyyy-MM-ddHH:mm:ss.SSS][main]Utilities.Loggerload1)-Steps Failed , Taking Screenshot
['ERROR]2023-05-08 11:37:02,523(yyyy-MM-ddHH:mm:ss.SSS][main]Utilities.Loggerload1)-Steps Failed , Taking Screenshot
['INFO ]2023-05-08 11:39:13,245(yyyy-MM-ddHH:mm:ss.SSS][main]Utilities.Loggerload1)-Website Opened
['ERROR]2023-05-08 11:39:17,608(yyyy-MM-ddHH:mm:ss.SSS][main]Utilities.Loggerload1)-Steps Failed , Taking Screenshot
['ERROR]2023-05-08 11:39:26,348(yyyy-MM-ddHH:mm:ss.SSS][main]Utilities.Loggerload1)-Steps Failed , Taking Screenshot
['ERROR]2023-05-08 11:39:26,473(yyyy-MM-ddHH:mm:ss.SSS][main]Utilities.Loggerload1)-Steps Failed , Taking Screenshot
['ERROR]2023-05-08 11:39:27,586(yyyy-MM-ddHH:mm:ss.SSS][main]Utilities.Loggerload1)-Steps Failed , Taking Screenshot
['INFO ]2023-05-08 11:39:27,611(yyyy-MM-ddHH:mm:ss.SSS][main]Utilities.Loggerload1)-User is in the home page
['ERROR]2023-05-08 11:39:27,626(yyyy-MM-ddHH:mm:ss.SSS][main]Utilities.Loggerload1)-Steps Failed , Taking Screenshot
['ERROR]2023-05-08 11:39:27,659(yyyy-MM-ddHH:mm:ss.SSS][main]Utilities.Loggerload1)-Steps Failed , Taking Screenshot
['ERROR]2023-05-08 11:39:27,712(yyyy-MM-ddHH:mm:ss.SSS][main]Utilities.Loggerload1)-Steps Failed , Taking Screenshot
['INFO ]2023-05-08 11:39:27,728(yyyy-MM-ddHH:mm:ss.SSS][main]Utilities.Loggerload1)-User is in the Tree Module Page
['ERROR]2023-05-08 11:39:27,741(yyyy-MM-ddHH:mm:ss.SSS][main]Utilities.Loggerload1)-Steps Failed , Taking Screenshot
['ERROR]2023-05-08 11:39:27,770(yyyy-MM-ddHH:mm:ss.SSS][main]Utilities.Loggerload1)-Steps Failed , Taking Screenshot
['INFO ]2023-05-08 11:39:45,215(yyyy-MM-ddHH:mm:ss.SSS][main]Utilities.Loggerload1)-Website Opened
['ERROR]2023-05-08 11:39:49,599(yyyy-MM-ddHH:mm:ss.SSS][main]Utilities.Loggerload1)-Steps Failed , Taking Screenshot
['ERROR]2023-05-08 11:39:56,292(yyyy-MM-ddHH:mm:ss.SSS][main]Utilities.Loggerload1)-Steps Failed , Taking Screenshot
['ERROR]2023-05-08 11:39:56,370(yyyy-MM-ddHH:mm:ss.SSS][main]Utilities.Loggerload1)-Steps Failed , Taking Screenshot
['ERROR]2023-05-08 11:39:57,482(yyyy-MM-ddHH:mm:ss.SSS][main]Utilities.Loggerload1)-Steps Failed , Taking Screenshot
['INFO ]2023-05-08 11:39:57,518(yyyy-MM-ddHH:mm:ss.SSS][main]Utilities.Loggerload1)-User is in the home page
['ERROR]2023-05-08 11:39:57,526(yyyy-MM-ddHH:mm:ss.SSS][main]Utilities.Loggerload1)-Steps Failed , Taking Screenshot
['ERROR]2023-05-08 11:39:57,548(yyyy-MM-ddHH:mm:ss.SSS][main]Utilities.Loggerload1)-Steps Failed , Taking Screenshot
['ERROR]2023-05-08 11:39:57,584(yyyy-MM-ddHH:mm:ss.SSS][main]Utilities.Loggerload1)-Steps Failed , Taking Screenshot
['INFO ]2023-05-08 11:39:57,609(yyyy-MM-ddHH:mm:ss.SSS][main]Utilities.Loggerload1)-User is in the Tree Module Page
['ERROR]2023-05-08 11:39:57,617(yyyy-MM-ddHH:mm:ss.SSS][main]Utilities.Loggerload1)-Steps Failed , Taking Screenshot
['ERROR]2023-05-08 11:39:57,641(yyyy-MM-ddHH:mm:ss.SSS][main]Utilities.Loggerload1)-Steps Failed , Taking Screenshot
['INFO ]2023-05-08 11:40:12,292(yyyy-MM-ddHH:mm:ss.SSS][main]Utilities.Loggerload1)-Website Opened
['ERROR]2023-05-08 11:40:16,686(yyyy-MM-ddHH:mm:ss.SSS][main]Utilities.Loggerload1)-Steps Failed , Taking Screenshot
['ERROR]2023-05-08 11:40:29,737(yyyy-MM-ddHH:mm:ss.SSS][main]Utilities.Loggerload1)-Steps Failed , Taking Screenshot
['ERROR]2023-05-08 11:40:30,050(yyyy-MM-ddHH:mm:ss.SSS][main]Utilities.Loggerload1)-Steps Failed , Taking Screenshot
['ERROR]2023-05-08 11:40:31,343(yyyy-MM-ddHH:mm:ss.SSS][main]Utilities.Loggerload1)-Steps Failed , Taking Screenshot
['INFO ]2023-05-08 11:40:31,370(yyyy-MM-ddHH:mm:ss.SSS][main]Utilities.Loggerload1)-User is in the home page
['ERROR]2023-05-08 11:40:31,379(yyyy-MM-ddHH:mm:ss.SSS][main]Utilities.Loggerload1)-Steps Failed , Taking Screenshot
['ERROR]2023-05-08 11:40:31,422(yyyy-MM-ddHH:mm:ss.SSS][main]Utilities.Loggerload1)-Steps Failed , Taking Screenshot
['ERROR]2023-05-08 11:40:31,456(yyyy-MM-ddHH:mm:ss.SSS][main]Utilities.Loggerload1)-Steps Failed , Taking Screenshot
['INFO ]2023-05-08 11:40:31,481(yyyy-MM-ddHH:mm:ss.SSS][main]Utilities.Loggerload1)-User is in the Tree Module Page
['ERROR]2023-05-08 11:40:31,500(yyyy-MM-ddHH:mm:ss.SSS][main]Utilities.Loggerload1)-Steps Failed , Taking Screenshot
['ERROR]2023-05-08 11:40:31,544(yyyy-MM-ddHH:mm:ss.SSS][main]Utilities.Loggerload1)-Steps Failed , Taking Screenshot
['INFO ]2023-05-08 11:45:40,490(yyyy-MM-ddHH:mm:ss.SSS][main]Utilities.Loggerload1)-Website Opened
['ERROR]2023-05-08 11:45:44,834(yyyy-MM-ddHH:mm:ss.SSS][main]Utilities.Loggerload1)-Steps Failed , Taking Screenshot
['ERROR]2023-05-08 11:45:53,397(yyyy-MM-ddHH:mm:ss.SSS][main]Utilities.Loggerload1)-Steps Failed , Taking Screenshot
['ERROR]2023-05-08 11:45:53,491(yyyy-MM-ddHH:mm:ss.SSS][main]Utilities.Loggerload1)-Steps Failed , Taking Screenshot
['ERROR]2023-05-08 11:45:54,583(yyyy-MM-ddHH:mm:ss.SSS][main]Utilities.Loggerload1)-Steps Failed , Taking Screenshot
['INFO ]2023-05-08 11:45:54,625(yyyy-MM-ddHH:mm:ss.SSS][main]Utilities.Loggerload1)-User is in the home page
['ERROR]2023-05-08 11:45:54,625(yyyy-MM-ddHH:mm:ss.SSS][main]Utilities.Loggerload1)-Steps Failed , Taking Screenshot
['ERROR]2023-05-08 11:45:54,669(yyyy-MM-ddHH:mm:ss.SSS][main]Utilities.Loggerload1)-Steps Failed , Taking Screenshot
['ERROR]2023-05-08 11:45:54,694(yyyy-MM-ddHH:mm:ss.SSS][main]Utilities.Loggerload1)-Steps Failed , Taking Screenshot
['INFO ]2023-05-08 11:45:54,714(yyyy-MM-ddHH:mm:ss.SSS][main]Utilities.Loggerload1)-User is in the Tree Module Page
['ERROR]2023-05-08 11:45:54,729(yyyy-MM-ddHH:mm:ss.SSS][main]Utilities.Loggerload1)-Steps Failed , Taking Screenshot
['ERROR]2023-05-08 11:45:54,753(yyyy-MM-ddHH:mm:ss.SSS][main]Utilities.Loggerload1)-Steps Failed , Taking Screenshot
['INFO ]2023-05-08 12:01:10,052(yyyy-MM-ddHH:mm:ss.SSS][main]Utilities.Loggerload1)-Website Opened
['ERROR]2023-05-08 12:01:14,636(yyyy-MM-ddHH:mm:ss.SSS][main]Utilities.Loggerload1)-Steps Failed , Taking Screenshot
['ERROR]2023-05-08 12:01:21,382(yyyy-MM-ddHH:mm:ss.SSS][main]Utilities.Loggerload1)-Steps Failed , Taking Screenshot
['ERROR]2023-05-08 12:01:21,539(yyyy-MM-ddHH:mm:ss.SSS][main]Utilities.Loggerload1)-Steps Failed , Taking Screenshot
['ERROR]2023-05-08 12:01:22,660(yyyy-MM-ddHH:mm:ss.SSS][main]Utilities.Loggerload1)-Steps Failed , Taking Screenshot
['INFO ]2023-05-08 12:01:22,702(yyyy-MM-ddHH:mm:ss.SSS][main]Utilities.Loggerload1)-User is in the home page
['ERROR]2023-05-08 12:01:22,708(yyyy-MM-ddHH:mm:ss.SSS][main]Utilities.Loggerload1)-Steps Failed , Taking Screenshot
['ERROR]2023-05-08 12:01:22,717(yyyy-MM-ddHH:mm:ss.SSS][main]Utilities.Loggerload1)-Steps Failed , Taking Screenshot
['ERROR]2023-05-08 12:01:22,754(yyyy-MM-ddHH:mm:ss.SSS][main]Utilities.Loggerload1)-Steps Failed , Taking Screenshot
['INFO ]2023-05-08 12:01:22,771(yyyy-MM-ddHH:mm:ss.SSS][main]Utilities.Loggerload1)-User is in the Tree Module Page
['ERROR]2023-05-08 12:01:22,786(yyyy-MM-ddHH:mm:ss.SSS][main]Utilities.Loggerload1)-Steps Failed , Taking Screenshot
['ERROR]2023-05-08 12:01:22,813(yyyy-MM-ddHH:mm:ss.SSS][main]Utilities.Loggerload1)-Steps Failed , Taking Screenshot
['INFO ]2023-05-08 12:12:23,855(yyyy-MM-ddHH:mm:ss.SSS][main]Utilities.Loggerload1)-Website Opened
['ERROR]2023-05-08 12:12:28,276(yyyy-MM-ddHH:mm:ss.SSS][main]Utilities.Loggerload1)-Steps Failed , Taking Screenshot
['ERROR]2023-05-08 12:12:37,938(yyyy-MM-ddHH:mm:ss.SSS][main]Utilities.Loggerload1)-Steps Failed , Taking Screenshot
['ERROR]2023-05-08 12:12:38,110(yyyy-MM-ddHH:mm:ss.SSS][main]Utilities.Loggerload1)-Steps Failed , Taking Screenshot
['ERROR]2023-05-08 12:12:39,231(yyyy-MM-ddHH:mm:ss.SSS][main]Utilities.Loggerload1)-Steps Failed , Taking Screenshot
['INFO ]2023-05-08 12:12:39,275(yyyy-MM-ddHH:mm:ss.SSS][main]Utilities.Loggerload1)-User is in the home page
['ERROR]2023-05-08 12:12:39,279(yyyy-MM-ddHH:mm:ss.SSS][main]Utilities.Loggerload1)-Steps Failed , Taking Screenshot
['ERROR]2023-05-08 12:12:39,305(yyyy-MM-ddHH:mm:ss.SSS][main]Utilities.Loggerload1)-Steps Failed , Taking Screenshot
['ERROR]2023-05-08 12:12:39,343(yyyy-MM-ddHH:mm:ss.SSS][main]Utilities.Loggerload1)-Steps Failed , Taking Screenshot
['INFO ]2023-05-08 12:12:39,354(yyyy-MM-ddHH:mm:ss.SSS][main]Utilities.Loggerload1)-User is in the Tree Module Page
['ERROR]2023-05-08 12:12:39,371(yyyy-MM-ddHH:mm:ss.SSS][main]Utilities.Loggerload1)-Steps Failed , Taking Screenshot
['ERROR]2023-05-08 12:12:39,391(yyyy-MM-ddHH:mm:ss.SSS][main]Utilities.Loggerload1)-Steps Failed , Taking Screenshot
['INFO ]2023-05-08 12:21:44,188(yyyy-MM-ddHH:mm:ss.SSS][main]Utilities.Loggerload1)-Website Opened
['ERROR]2023-05-08 12:21:48,618(yyyy-MM-ddHH:mm:ss.SSS][main]Utilities.Loggerload1)-Steps Failed , Taking Screenshot
['ERROR]2023-05-08 12:21:53,778(yyyy-MM-ddHH:mm:ss.SSS][main]Utilities.Loggerload1)-Steps Failed , Taking Screenshot
['ERROR]2023-05-08 12:21:53,950(yyyy-MM-ddHH:mm:ss.SSS][main]Utilities.Loggerload1)-Steps Failed , Taking Screenshot
['ERROR]2023-05-08 12:21:55,056(yyyy-MM-ddHH:mm:ss.SSS][main]Utilities.Loggerload1)-Steps Failed , Taking Screenshot
['INFO ]2023-05-08 12:21:55,091(yyyy-MM-ddHH:mm:ss.SSS][main]Utilities.Loggerload1)-User is in the home page
['ERROR]2023-05-08 12:21:55,099(yyyy-MM-ddHH:mm:ss.SSS][main]Utilities.Loggerload1)-Steps Failed , Taking Screenshot
['ERROR]2023-05-08 12:21:55,139(yyyy-MM-ddHH:mm:ss.SSS][main]Utilities.Loggerload1)-Steps Failed , Taking Screenshot
['ERROR]2023-05-08 12:21:55,171(yyyy-MM-ddHH:mm:ss.SSS][main]Utilities.Loggerload1)-Steps Failed , Taking Screenshot
['INFO ]2023-05-08 12:21:55,190(yyyy-MM-ddHH:mm:ss.SSS][main]Utilities.Loggerload1)-User is in the Tree Module Page
['ERROR]2023-05-08 12:21:55,206(yyyy-MM-ddHH:mm:ss.SSS][main]Utilities.Loggerload1)-Steps Failed , Taking Screenshot
['ERROR]2023-05-08 12:21:55,226(yyyy-MM-ddHH:mm:ss.SSS][main]Utilities.Loggerload1)-Steps Failed , Taking Screenshot
['INFO ]2023-05-08 12:22:29,140(yyyy-MM-ddHH:mm:ss.SSS][main]Utilities.Loggerload1)-Website Opened
['ERROR]2023-05-08 12:22:44,326(yyyy-MM-ddHH:mm:ss.SSS][main]Utilities.Loggerload1)-Steps Failed , Taking Screenshot
['ERROR]2023-05-08 12:22:55,912(yyyy-MM-ddHH:mm:ss.SSS][main]Utilities.Loggerload1)-Steps Failed , Taking Screenshot
['ERROR]2023-05-08 12:22:56,005(yyyy-MM-ddHH:mm:ss.SSS][main]Utilities.Loggerload1)-Steps Failed , Taking Screenshot
['ERROR]2023-05-08 12:22:57,123(yyyy-MM-ddHH:mm:ss.SSS][main]Utilities.Loggerload1)-Steps Failed , Taking Screenshot
['INFO ]2023-05-08 12:22:57,164(yyyy-MM-ddHH:mm:ss.SSS][main]Utilities.Loggerload1)-User is in the home page
['ERROR]2023-05-08 12:22:57,180(yyyy-MM-ddHH:mm:ss.SSS][main]Utilities.Loggerload1)-Steps Failed , Taking Screenshot
['ERROR]2023-05-08 12:22:57,206(yyyy-MM-ddHH:mm:ss.SSS][main]Utilities.Loggerload1)-Steps Failed , Taking Screenshot
['ERROR]2023-05-08 12:22:57,240(yyyy-MM-ddHH:mm:ss.SSS][main]Utilities.Loggerload1)-Steps Failed , Taking Screenshot
['INFO ]2023-05-08 12:22:57,256(yyyy-MM-ddHH:mm:ss.SSS][main]Utilities.Loggerload1)-User is in the Tree Module Page
['ERROR]2023-05-08 12:22:57,270(yyyy-MM-ddHH:mm:ss.SSS][main]Utilities.Loggerload1)-Steps Failed , Taking Screenshot
['ERROR]2023-05-08 12:22:57,296(yyyy-MM-ddHH:mm:ss.SSS][main]Utilities.Loggerload1)-Steps Failed , Taking Screenshot
['INFO ]2023-05-08 12:25:46,312(yyyy-MM-ddHH:mm:ss.SSS][main]Utilities.Loggerload1)-Website Opened
['ERROR]2023-05-08 12:25:50,831(yyyy-MM-ddHH:mm:ss.SSS][main]Utilities.Loggerload1)-Steps Failed , Taking Screenshot
['ERROR]2023-05-08 12:25:57,962(yyyy-MM-ddHH:mm:ss.SSS][main]Utilities.Loggerload1)-Steps Failed , Taking Screenshot
['ERROR]2023-05-08 12:25:58,118(yyyy-MM-ddHH:mm:ss.SSS][main]Utilities.Loggerload1)-Steps Failed , Taking Screenshot
['ERROR]2023-05-08 12:25:59,218(yyyy-MM-ddHH:mm:ss.SSS][main]Utilities.Loggerload1)-Steps Failed , Taking Screenshot
['INFO ]2023-05-08 12:25:59,260(yyyy-MM-ddHH:mm:ss.SSS][main]Utilities.Loggerload1)-User is in the home page
['ERROR]2023-05-08 12:25:59,270(yyyy-MM-ddHH:mm:ss.SSS][main]Utilities.Loggerload1)-Steps Failed , Taking Screenshot
['ERROR]2023-05-08 12:25:59,292(yyyy-MM-ddHH:mm:ss.SSS][main]Utilities.Loggerload1)-Steps Failed , Taking Screenshot
['ERROR]2023-05-08 12:25:59,318(yyyy-MM-ddHH:mm:ss.SSS][main]Utilities.Loggerload1)-Steps Failed , Taking Screenshot
['INFO ]2023-05-08 12:25:59,349(yyyy-MM-ddHH:mm:ss.SSS][main]Utilities.Loggerload1)-User is in the Tree Module Page
['ERROR]2023-05-08 12:25:59,365(yyyy-MM-ddHH:mm:ss.SSS][main]Utilities.Loggerload1)-Steps Failed , Taking Screenshot
['ERROR]2023-05-08 12:25:59,409(yyyy-MM-ddHH:mm:ss.SSS][main]Utilities.Loggerload1)-Steps Failed , Taking Screenshot
['INFO ]2023-05-08 12:29:18,976(yyyy-MM-ddHH:mm:ss.SSS][main]Utilities.Loggerload1)-Website Opened
['ERROR]2023-05-08 12:29:23,706(yyyy-MM-ddHH:mm:ss.SSS][main]Utilities.Loggerload1)-Steps Failed , Taking Screenshot
['ERROR]2023-05-08 12:29:29,279(yyyy-MM-ddHH:mm:ss.SSS][main]Utilities.Loggerload1)-Steps Failed , Taking Screenshot
['ERROR]2023-05-08 12:29:29,435(yyyy-MM-ddHH:mm:ss.SSS][main]Utilities.Loggerload1)-Steps Failed , Taking Screenshot
['ERROR]2023-05-08 12:29:30,557(yyyy-MM-ddHH:mm:ss.SSS][main]Utilities.Loggerload1)-Steps Failed , Taking Screenshot
['INFO ]2023-05-08 12:29:30,594(yyyy-MM-ddHH:mm:ss.SSS][main]Utilities.Loggerload1)-User is in the home page
['ERROR]2023-05-08 12:29:30,606(yyyy-MM-ddHH:mm:ss.SSS][main]Utilities.Loggerload1)-Steps Failed , Taking Screenshot
['ERROR]2023-05-08 12:29:30,637(yyyy-MM-ddHH:mm:ss.SSS][main]Utilities.Loggerload1)-Steps Failed , Taking Screenshot
['ERROR]2023-05-08 12:29:30,668(yyyy-MM-ddHH:mm:ss.SSS][main]Utilities.Loggerload1)-Steps Failed , Taking Screenshot
['INFO ]2023-05-08 12:29:30,696(yyyy-MM-ddHH:mm:ss.SSS][main]Utilities.Loggerload1)-User is in the Tree Module Page
['ERROR]2023-05-08 12:29:30,710(yyyy-MM-ddHH:mm:ss.SSS][main]Utilities.Loggerload1)-Steps Failed , Taking Screenshot
['ERROR]2023-05-08 12:29:30,739(yyyy-MM-ddHH:mm:ss.SSS][main]Utilities.Loggerload1)-Steps Failed , Taking Screenshot
['INFO ]2023-05-08 12:34:11,304(yyyy-MM-ddHH:mm:ss.SSS][main]Utilities.Loggerload1)-Website Opened
['ERROR]2023-05-08 12:34:16,209(yyyy-MM-ddHH:mm:ss.SSS][main]Utilities.Loggerload1)-Steps Failed , Taking Screenshot
['ERROR]2023-05-08 12:34:21,102(yyyy-MM-ddHH:mm:ss.SSS][main]Utilities.Loggerload1)-Steps Failed , Taking Screenshot
['ERROR]2023-05-08 12:34:21,211(yyyy-MM-ddHH:mm:ss.SSS][main]Utilities.Loggerload1)-Steps Failed , Taking Screenshot
['ERROR]2023-05-08 12:34:22,303(yyyy-MM-ddHH:mm:ss.SSS][main]Utilities.Loggerload1)-Steps Failed , Taking Screenshot
['INFO ]2023-05-08 12:34:22,335(yyyy-MM-ddHH:mm:ss.SSS][main]Utilities.Loggerload1)-User is in the home page
['ERROR]2023-05-08 12:34:22,342(yyyy-MM-ddHH:mm:ss.SSS][main]Utilities.Loggerload1)-Steps Failed , Taking Screenshot
['ERROR]2023-05-08 12:34:22,366(yyyy-MM-ddHH:mm:ss.SSS][main]Utilities.Loggerload1)-Steps Failed , Taking Screenshot
['ERROR]2023-05-08 12:34:22,397(yyyy-MM-ddHH:mm:ss.SSS][main]Utilities.Loggerload1)-Steps Failed , Taking Screenshot
['INFO ]2023-05-08 12:34:22,428(yyyy-MM-ddHH:mm:ss.SSS][main]Utilities.Loggerload1)-User is in the Tree Module Page
['ERROR]2023-05-08 12:34:22,445(yyyy-MM-ddHH:mm:ss.SSS][main]Utilities.Loggerload1)-Steps Failed , Taking Screenshot
['ERROR]2023-05-08 12:34:22,491(yyyy-MM-ddHH:mm:ss.SSS][main]Utilities.Loggerload1)-Steps Failed , Taking Screenshot
['INFO ]2023-05-08 13:14:04,933(yyyy-MM-ddHH:mm:ss.SSS][main]Utilities.Loggerload1)-Website Opened
['ERROR]2023-05-08 13:14:09,420(yyyy-MM-ddHH:mm:ss.SSS][main]Utilities.Loggerload1)-Steps Failed , Taking Screenshot
['ERROR]2023-05-08 13:14:15,138(yyyy-MM-ddHH:mm:ss.SSS][main]Utilities.Loggerload1)-Steps Failed , Taking Screenshot
['ERROR]2023-05-08 13:14:15,247(yyyy-MM-ddHH:mm:ss.SSS][main]Utilities.Loggerload1)-Steps Failed , Taking Screenshot
['ERROR]2023-05-08 13:14:16,346(yyyy-MM-ddHH:mm:ss.SSS][main]Utilities.Loggerload1)-Steps Failed , Taking Screenshot
['INFO ]2023-05-08 13:14:16,357(yyyy-MM-ddHH:mm:ss.SSS][main]Utilities.Loggerload1)-User is in the home page
['ERROR]2023-05-08 13:14:16,377(yyyy-MM-ddHH:mm:ss.SSS][main]Utilities.Loggerload1)-Steps Failed , Taking Screenshot
['ERROR]2023-05-08 13:14:16,404(yyyy-MM-ddHH:mm:ss.SSS][main]Utilities.Loggerload1)-Steps Failed , Taking Screenshot
['ERROR]2023-05-08 13:14:16,436(yyyy-MM-ddHH:mm:ss.SSS][main]Utilities.Loggerload1)-Steps Failed , Taking Screenshot
['INFO ]2023-05-08 13:14:16,451(yyyy-MM-ddHH:mm:ss.SSS][main]Utilities.Loggerload1)-User is in the Tree Module Page
['ERROR]2023-05-08 13:14:16,475(yyyy-MM-ddHH:mm:ss.SSS][main]Utilities.Loggerload1)-Steps Failed , Taking Screenshot
['ERROR]2023-05-08 13:14:16,503(yyyy-MM-ddHH:mm:ss.SSS][main]Utilities.Loggerload1)-Steps Failed , Taking Screenshot
['ERROR]2023-05-08 13:17:09,131(yyyy-MM-ddHH:mm:ss.SSS][main]Utilities.Loggerload1)-Error - You can not divide a number by zero
['INFO ]2023-05-08 13:17:09,186(yyyy-MM-ddHH:mm:ss.SSS][main]Utilities.Loggerload1)-Info  - Addition of integers
['WARN ]2023-05-08 13:17:09,195(yyyy-MM-ddHH:mm:ss.SSS][main]Utilities.Loggerload1)-Warning - Testing
['INFO ]2023-05-08 13:19:13,655(yyyy-MM-ddHH:mm:ss.SSS][main]Utilities.Loggerload1)-Website Opened
['ERROR]2023-05-08 13:19:18,146(yyyy-MM-ddHH:mm:ss.SSS][main]Utilities.Loggerload1)-Steps Failed , Taking Screenshot
['ERROR]2023-05-08 13:19:24,254(yyyy-MM-ddHH:mm:ss.SSS][main]Utilities.Loggerload1)-Steps Failed , Taking Screenshot
['ERROR]2023-05-08 13:19:24,379(yyyy-MM-ddHH:mm:ss.SSS][main]Utilities.Loggerload1)-Steps Failed , Taking Screenshot
['ERROR]2023-05-08 13:19:25,471(yyyy-MM-ddHH:mm:ss.SSS][main]Utilities.Loggerload1)-Steps Failed , Taking Screenshot
['INFO ]2023-05-08 13:19:25,507(yyyy-MM-ddHH:mm:ss.SSS][main]Utilities.Loggerload1)-User is in the home page
['ERROR]2023-05-08 13:19:25,511(yyyy-MM-ddHH:mm:ss.SSS][main]Utilities.Loggerload1)-Steps Failed , Taking Screenshot
['ERROR]2023-05-08 13:19:25,546(yyyy-MM-ddHH:mm:ss.SSS][main]Utilities.Loggerload1)-Steps Failed , Taking Screenshot
['ERROR]2023-05-08 13:19:25,577(yyyy-MM-ddHH:mm:ss.SSS][main]Utilities.Loggerload1)-Steps Failed , Taking Screenshot
['INFO ]2023-05-08 13:19:25,586(yyyy-MM-ddHH:mm:ss.SSS][main]Utilities.Loggerload1)-User is in the Tree Module Page
['ERROR]2023-05-08 13:19:25,612(yyyy-MM-ddHH:mm:ss.SSS][main]Utilities.Loggerload1)-Steps Failed , Taking Screenshot
['ERROR]2023-05-08 13:19:25,650(yyyy-MM-ddHH:mm:ss.SSS][main]Utilities.Loggerload1)-Steps Failed , Taking Screenshot
['INFO ]2023-05-08 13:25:45,751(yyyy-MM-ddHH:mm:ss.SSS][main]Utilities.Loggerload1)-Website Opened
['ERROR]2023-05-08 13:25:50,302(yyyy-MM-ddHH:mm:ss.SSS][main]Utilities.Loggerload1)-Steps Failed , Taking Screenshot
['ERROR]2023-05-08 13:25:53,617(yyyy-MM-ddHH:mm:ss.SSS][main]Utilities.Loggerload1)-Steps Failed , Taking Screenshot
['ERROR]2023-05-08 13:25:54,884(yyyy-MM-ddHH:mm:ss.SSS][main]Utilities.Loggerload1)-Steps Failed , Taking Screenshot
['INFO ]2023-05-08 13:25:55,062(yyyy-MM-ddHH:mm:ss.SSS][main]Utilities.Loggerload1)-User is in the home page
['ERROR]2023-05-08 13:26:06,903(yyyy-MM-ddHH:mm:ss.SSS][main]Utilities.Loggerload1)-Steps Failed , Taking Screenshot
['ERROR]2023-05-08 13:26:18,579(yyyy-MM-ddHH:mm:ss.SSS][main]Utilities.Loggerload1)-Steps Failed , Taking Screenshot
['ERROR]2023-05-08 13:26:21,767(yyyy-MM-ddHH:mm:ss.SSS][main]Utilities.Loggerload1)-Steps Failed , Taking Screenshot
['INFO ]2023-05-08 13:26:22,202(yyyy-MM-ddHH:mm:ss.SSS][main]Utilities.Loggerload1)-User is in the Tree Module Page
['ERROR]2023-05-08 13:26:32,742(yyyy-MM-ddHH:mm:ss.SSS][main]Utilities.Loggerload1)-Steps Failed , Taking Screenshot
['ERROR]2023-05-08 13:26:37,573(yyyy-MM-ddHH:mm:ss.SSS][main]Utilities.Loggerload1)-Steps Failed , Taking Screenshot
['INFO ]2023-05-08 13:30:25,973(yyyy-MM-ddHH:mm:ss.SSS][main]Utilities.Loggerload1)-Website Opened
['ERROR]2023-05-08 13:30:30,371(yyyy-MM-ddHH:mm:ss.SSS][main]Utilities.Loggerload1)-Steps Failed , Taking Screenshot
['ERROR]2023-05-08 13:30:33,688(yyyy-MM-ddHH:mm:ss.SSS][main]Utilities.Loggerload1)-Steps Failed , Taking Screenshot
['ERROR]2023-05-08 13:30:35,026(yyyy-MM-ddHH:mm:ss.SSS][main]Utilities.Loggerload1)-Steps Failed , Taking Screenshot
['INFO ]2023-05-08 13:30:35,204(yyyy-MM-ddHH:mm:ss.SSS][main]Utilities.Loggerload1)-User is in the home page
['ERROR]2023-05-08 13:30:47,077(yyyy-MM-ddHH:mm:ss.SSS][main]Utilities.Loggerload1)-Steps Failed , Taking Screenshot
['ERROR]2023-05-08 13:30:58,361(yyyy-MM-ddHH:mm:ss.SSS][main]Utilities.Loggerload1)-Steps Failed , Taking Screenshot
['ERROR]2023-05-08 13:31:00,422(yyyy-MM-ddHH:mm:ss.SSS][main]Utilities.Loggerload1)-Steps Failed , Taking Screenshot
['INFO ]2023-05-08 13:31:00,615(yyyy-MM-ddHH:mm:ss.SSS][main]Utilities.Loggerload1)-User is in the Tree Module Page
['ERROR]2023-05-08 13:31:02,454(yyyy-MM-ddHH:mm:ss.SSS][main]Utilities.Loggerload1)-Steps Failed , Taking Screenshot
['ERROR]2023-05-08 13:31:02,492(yyyy-MM-ddHH:mm:ss.SSS][main]Utilities.Loggerload1)-Steps Failed , Taking Screenshot
['INFO ]2023-05-08 14:51:30,691(yyyy-MM-ddHH:mm:ss.SSS][main]Utilities.Loggerload1)-Website Opened
['ERROR]2023-05-08 14:51:35,871(yyyy-MM-ddHH:mm:ss.SSS][main]Utilities.Loggerload1)-Steps Failed , Taking Screenshot
['ERROR]2023-05-08 14:51:40,066(yyyy-MM-ddHH:mm:ss.SSS][main]Utilities.Loggerload1)-Steps Failed , Taking Screenshot
['INFO ]2023-05-08 14:51:44,486(yyyy-MM-ddHH:mm:ss.SSS][main]Utilities.Loggerload1)-U are in the Home Page
['INFO ]2023-05-08 14:51:44,533(yyyy-MM-ddHH:mm:ss.SSS][main]Utilities.Loggerload1)-User is in the home page
['ERROR]2023-05-08 14:51:51,038(yyyy-MM-ddHH:mm:ss.SSS][main]Utilities.Loggerload1)-Steps Failed , Taking Screenshot
['ERROR]2023-05-08 14:51:53,745(yyyy-MM-ddHH:mm:ss.SSS][main]Utilities.Loggerload1)-Steps Failed , Taking Screenshot
['INFO ]2023-05-08 14:51:56,033(yyyy-MM-ddHH:mm:ss.SSS][main]Utilities.Loggerload1)-User Landed on the Tree Page
['INFO ]2023-05-08 14:51:56,059(yyyy-MM-ddHH:mm:ss.SSS][main]Utilities.Loggerload1)-User is in the Tree Module Page
['ERROR]2023-05-08 14:51:59,618(yyyy-MM-ddHH:mm:ss.SSS][main]Utilities.Loggerload1)-Steps Failed , Taking Screenshot
['ERROR]2023-05-08 14:52:02,569(yyyy-MM-ddHH:mm:ss.SSS][main]Utilities.Loggerload1)-Steps Failed , Taking Screenshot
['INFO ]2023-05-08 14:58:24,452(yyyy-MM-ddHH:mm:ss.SSS][main]Utilities.Loggerload1)-Website Opened
['ERROR]2023-05-08 14:58:29,978(yyyy-MM-ddHH:mm:ss.SSS][main]Utilities.Loggerload1)-Steps Failed , Taking Screenshot
['ERROR]2023-05-08 14:58:34,166(yyyy-MM-ddHH:mm:ss.SSS][main]Utilities.Loggerload1)-Steps Failed , Taking Screenshot
['INFO ]2023-05-08 14:58:38,396(yyyy-MM-ddHH:mm:ss.SSS][main]Utilities.Loggerload1)-U are in the Home Page
['INFO ]2023-05-08 14:58:38,439(yyyy-MM-ddHH:mm:ss.SSS][main]Utilities.Loggerload1)-User is in the home page
['INFO ]2023-05-08 14:58:49,237(yyyy-MM-ddHH:mm:ss.SSS][main]Utilities.Loggerload1)-Valid Python code
['INFO ]2023-05-08 14:58:55,781(yyyy-MM-ddHH:mm:ss.SSS][main]Utilities.Loggerload1)-Valid Python code
['INFO ]2023-05-08 14:58:58,094(yyyy-MM-ddHH:mm:ss.SSS][main]Utilities.Loggerload1)-User Landed on the Tree Page
['INFO ]2023-05-08 14:58:58,113(yyyy-MM-ddHH:mm:ss.SSS][main]Utilities.Loggerload1)-User is in the Tree Module Page
['ERROR]2023-05-08 14:59:02,951(yyyy-MM-ddHH:mm:ss.SSS][main]Utilities.Loggerload1)-Steps Failed , Taking Screenshot
['ERROR]2023-05-08 14:59:12,752(yyyy-MM-ddHH:mm:ss.SSS][main]Utilities.Loggerload1)-Steps Failed , Taking Screenshot
['INFO ]2023-05-08 15:00:16,001(yyyy-MM-ddHH:mm:ss.SSS][main]Utilities.Loggerload1)-Website Opened
['ERROR]2023-05-08 15:00:21,388(yyyy-MM-ddHH:mm:ss.SSS][main]Utilities.Loggerload1)-Steps Failed , Taking Screenshot
['ERROR]2023-05-08 15:00:27,057(yyyy-MM-ddHH:mm:ss.SSS][main]Utilities.Loggerload1)-Steps Failed , Taking Screenshot
['INFO ]2023-05-08 15:00:31,196(yyyy-MM-ddHH:mm:ss.SSS][main]Utilities.Loggerload1)-U are in the Home Page
['INFO ]2023-05-08 15:00:31,228(yyyy-MM-ddHH:mm:ss.SSS][main]Utilities.Loggerload1)-User is in the home page
['INFO ]2023-05-08 15:00:41,069(yyyy-MM-ddHH:mm:ss.SSS][main]Utilities.Loggerload1)-Valid Python code
['INFO ]2023-05-08 15:00:47,515(yyyy-MM-ddHH:mm:ss.SSS][main]Utilities.Loggerload1)-Valid Python code
['INFO ]2023-05-08 15:00:49,932(yyyy-MM-ddHH:mm:ss.SSS][main]Utilities.Loggerload1)-User Landed on the Tree Page
['INFO ]2023-05-08 15:00:49,964(yyyy-MM-ddHH:mm:ss.SSS][main]Utilities.Loggerload1)-User is in the Tree Module Page
['ERROR]2023-05-08 15:00:55,554(yyyy-MM-ddHH:mm:ss.SSS][main]Utilities.Loggerload1)-Steps Failed , Taking Screenshot
['ERROR]2023-05-08 15:01:05,387(yyyy-MM-ddHH:mm:ss.SSS][main]Utilities.Loggerload1)-Steps Failed , Taking Screenshot
['INFO ]2023-05-08 15:03:53,982(yyyy-MM-ddHH:mm:ss.SSS][main]Utilities.Loggerload1)-Website Opened
['ERROR]2023-05-08 15:03:58,813(yyyy-MM-ddHH:mm:ss.SSS][main]Utilities.Loggerload1)-Steps Failed , Taking Screenshot
['ERROR]2023-05-08 15:04:04,152(yyyy-MM-ddHH:mm:ss.SSS][main]Utilities.Loggerload1)-Steps Failed , Taking Screenshot
['INFO ]2023-05-08 15:04:08,252(yyyy-MM-ddHH:mm:ss.SSS][main]Utilities.Loggerload1)-U are in the Home Page
['INFO ]2023-05-08 15:04:08,292(yyyy-MM-ddHH:mm:ss.SSS][main]Utilities.Loggerload1)-User is in the home page
['INFO ]2023-05-08 15:04:19,057(yyyy-MM-ddHH:mm:ss.SSS][main]Utilities.Loggerload1)-Valid Python code
['INFO ]2023-05-08 15:04:25,359(yyyy-MM-ddHH:mm:ss.SSS][main]Utilities.Loggerload1)-Valid Python code
['INFO ]2023-05-08 15:04:27,899(yyyy-MM-ddHH:mm:ss.SSS][main]Utilities.Loggerload1)-User Landed on the Tree Page
['INFO ]2023-05-08 15:04:27,933(yyyy-MM-ddHH:mm:ss.SSS][main]Utilities.Loggerload1)-User is in the Tree Module Page
['ERROR]2023-05-08 15:04:32,490(yyyy-MM-ddHH:mm:ss.SSS][main]Utilities.Loggerload1)-Steps Failed , Taking Screenshot
['INFO ]2023-05-08 15:04:42,474(yyyy-MM-ddHH:mm:ss.SSS][main]Utilities.Loggerload1)-Valid Python code
['INFO ]2023-05-08 15:33:11,624(yyyy-MM-ddHH:mm:ss.SSS][main]Utilities.Loggerload1)-Website Opened
['ERROR]2023-05-08 15:33:17,352(yyyy-MM-ddHH:mm:ss.SSS][main]Utilities.Loggerload1)-Steps Failed , Taking Screenshot
['ERROR]2023-05-08 15:33:22,818(yyyy-MM-ddHH:mm:ss.SSS][main]Utilities.Loggerload1)-Steps Failed , Taking Screenshot
['INFO ]2023-05-08 15:33:26,996(yyyy-MM-ddHH:mm:ss.SSS][main]Utilities.Loggerload1)-U are in the Home Page
['INFO ]2023-05-08 15:33:27,035(yyyy-MM-ddHH:mm:ss.SSS][main]Utilities.Loggerload1)-User is in the home page
['INFO ]2023-05-08 15:33:37,395(yyyy-MM-ddHH:mm:ss.SSS][main]Utilities.Loggerload1)-Valid Python code
['INFO ]2023-05-08 15:33:43,909(yyyy-MM-ddHH:mm:ss.SSS][main]Utilities.Loggerload1)-Valid Python code
['INFO ]2023-05-08 15:33:45,950(yyyy-MM-ddHH:mm:ss.SSS][main]Utilities.Loggerload1)-User Landed on the Tree Page
['INFO ]2023-05-08 15:33:45,967(yyyy-MM-ddHH:mm:ss.SSS][main]Utilities.Loggerload1)-User is in the Tree Module Page
['ERROR]2023-05-08 15:33:50,775(yyyy-MM-ddHH:mm:ss.SSS][main]Utilities.Loggerload1)-Steps Failed , Taking Screenshot
['INFO ]2023-05-08 15:34:00,576(yyyy-MM-ddHH:mm:ss.SSS][main]Utilities.Loggerload1)-Valid Python code
['INFO ]2023-05-08 16:12:09,313(yyyy-MM-ddHH:mm:ss.SSS][main]Utilities.Loggerload1)-Website Opened
['ERROR]2023-05-08 16:12:14,272(yyyy-MM-ddHH:mm:ss.SSS][main]Utilities.Loggerload1)-Steps Failed , Taking Screenshot
['ERROR]2023-05-08 16:12:18,544(yyyy-MM-ddHH:mm:ss.SSS][main]Utilities.Loggerload1)-Steps Failed , Taking Screenshot
['INFO ]2023-05-08 16:12:22,529(yyyy-MM-ddHH:mm:ss.SSS][main]Utilities.Loggerload1)-U are in the Home Page
['INFO ]2023-05-08 16:12:22,561(yyyy-MM-ddHH:mm:ss.SSS][main]Utilities.Loggerload1)-User is in the home page
['INFO ]2023-05-08 16:12:33,855(yyyy-MM-ddHH:mm:ss.SSS][main]Utilities.Loggerload1)-Valid Python code
['INFO ]2023-05-08 16:12:40,195(yyyy-MM-ddHH:mm:ss.SSS][main]Utilities.Loggerload1)-Valid Python code
['INFO ]2023-05-08 16:12:42,129(yyyy-MM-ddHH:mm:ss.SSS][main]Utilities.Loggerload1)-User Landed on the Tree Page
['INFO ]2023-05-08 16:12:42,148(yyyy-MM-ddHH:mm:ss.SSS][main]Utilities.Loggerload1)-User is in the Tree Module Page
['ERROR]2023-05-08 16:12:46,384(yyyy-MM-ddHH:mm:ss.SSS][main]Utilities.Loggerload1)-Steps Failed , Taking Screenshot
['INFO ]2023-05-08 16:12:55,779(yyyy-MM-ddHH:mm:ss.SSS][main]Utilities.Loggerload1)-Valid Python code
['INFO ]2023-05-09 12:53:57,930(yyyy-MM-ddHH:mm:ss.SSS][main]Utilities.Loggerload1)-Website Opened
['ERROR]2023-05-09 12:54:03,138(yyyy-MM-ddHH:mm:ss.SSS][main]Utilities.Loggerload1)-Steps Failed , Taking Screenshot
['ERROR]2023-05-09 12:54:08,369(yyyy-MM-ddHH:mm:ss.SSS][main]Utilities.Loggerload1)-Steps Failed , Taking Screenshot
['INFO ]2023-05-09 12:54:12,384(yyyy-MM-ddHH:mm:ss.SSS][main]Utilities.Loggerload1)-U are in the Home Page
['INFO ]2023-05-09 12:54:12,416(yyyy-MM-ddHH:mm:ss.SSS][main]Utilities.Loggerload1)-User is in the home page
['INFO ]2023-05-09 12:54:22,807(yyyy-MM-ddHH:mm:ss.SSS][main]Utilities.Loggerload1)-Valid Python code
['INFO ]2023-05-09 12:54:29,209(yyyy-MM-ddHH:mm:ss.SSS][main]Utilities.Loggerload1)-Valid Python code
['INFO ]2023-05-09 12:54:31,412(yyyy-MM-ddHH:mm:ss.SSS][main]Utilities.Loggerload1)-User Landed on the Tree Page
['INFO ]2023-05-09 12:54:31,433(yyyy-MM-ddHH:mm:ss.SSS][main]Utilities.Loggerload1)-User is in the Tree Module Page
['ERROR]2023-05-09 12:54:35,989(yyyy-MM-ddHH:mm:ss.SSS][main]Utilities.Loggerload1)-Steps Failed , Taking Screenshot
['INFO ]2023-05-09 12:54:45,341(yyyy-MM-ddHH:mm:ss.SSS][main]Utilities.Loggerload1)-Valid Python code
['INFO ]2023-05-09 12:59:00,937(yyyy-MM-ddHH:mm:ss.SSS][TestNG-tests-2]Utilities.Loggerload1)-Website Opened
['INFO ]2023-05-09 12:59:00,965(yyyy-MM-ddHH:mm:ss.SSS][TestNG-tests-1]Utilities.Loggerload1)-Website Opened
['ERROR]2023-05-09 12:59:06,183(yyyy-MM-ddHH:mm:ss.SSS][TestNG-tests-2]Utilities.Loggerload1)-Steps Failed , Taking Screenshot
['ERROR]2023-05-09 12:59:06,636(yyyy-MM-ddHH:mm:ss.SSS][TestNG-tests-1]Utilities.Loggerload1)-Steps Failed , Taking Screenshot
['ERROR]2023-05-09 12:59:11,485(yyyy-MM-ddHH:mm:ss.SSS][TestNG-tests-1]Utilities.Loggerload1)-Steps Failed , Taking Screenshot
['INFO ]2023-05-09 12:59:15,626(yyyy-MM-ddHH:mm:ss.SSS][TestNG-tests-1]Utilities.Loggerload1)-U are in the Home Page
['INFO ]2023-05-09 12:59:15,660(yyyy-MM-ddHH:mm:ss.SSS][TestNG-tests-1]Utilities.Loggerload1)-User is in the home page
['ERROR]2023-05-09 12:59:20,801(yyyy-MM-ddHH:mm:ss.SSS][TestNG-tests-2]Utilities.Loggerload1)-Steps Failed , Taking Screenshot
['ERROR]2023-05-09 12:59:24,740(yyyy-MM-ddHH:mm:ss.SSS][TestNG-tests-2]Utilities.Loggerload1)-Steps Failed , Taking Screenshot
['ERROR]2023-05-09 12:59:26,095(yyyy-MM-ddHH:mm:ss.SSS][TestNG-tests-2]Utilities.Loggerload1)-Steps Failed , Taking Screenshot
['INFO ]2023-05-09 12:59:26,423(yyyy-MM-ddHH:mm:ss.SSS][TestNG-tests-2]Utilities.Loggerload1)-User is in the home page
['ERROR]2023-05-09 12:59:26,432(yyyy-MM-ddHH:mm:ss.SSS][TestNG-tests-2]Utilities.Loggerload1)-Steps Failed , Taking Screenshot
['INFO ]2023-05-09 12:59:26,435(yyyy-MM-ddHH:mm:ss.SSS][TestNG-tests-1]Utilities.Loggerload1)-Valid Python code
['ERROR]2023-05-09 12:59:26,661(yyyy-MM-ddHH:mm:ss.SSS][TestNG-tests-2]Utilities.Loggerload1)-Steps Failed , Taking Screenshot
['ERROR]2023-05-09 12:59:26,794(yyyy-MM-ddHH:mm:ss.SSS][TestNG-tests-2]Utilities.Loggerload1)-Steps Failed , Taking Screenshot
['INFO ]2023-05-09 12:59:26,895(yyyy-MM-ddHH:mm:ss.SSS][TestNG-tests-2]Utilities.Loggerload1)-User is in the Tree Module Page
['ERROR]2023-05-09 12:59:26,925(yyyy-MM-ddHH:mm:ss.SSS][TestNG-tests-2]Utilities.Loggerload1)-Steps Failed , Taking Screenshot
['ERROR]2023-05-09 12:59:27,102(yyyy-MM-ddHH:mm:ss.SSS][TestNG-tests-2]Utilities.Loggerload1)-Steps Failed , Taking Screenshot
['ERROR]2023-05-09 12:59:27,580(yyyy-MM-ddHH:mm:ss.SSS][TestNG-tests-1]Utilities.Loggerload1)-Steps Failed , Taking Screenshot
['ERROR]2023-05-09 12:59:33,551(yyyy-MM-ddHH:mm:ss.SSS][TestNG-tests-1]Utilities.Loggerload1)-Steps Failed , Taking Screenshot
['INFO ]2023-05-09 12:59:33,614(yyyy-MM-ddHH:mm:ss.SSS][TestNG-tests-1]Utilities.Loggerload1)-User is in the Tree Module Page
['ERROR]2023-05-09 12:59:33,806(yyyy-MM-ddHH:mm:ss.SSS][TestNG-tests-1]Utilities.Loggerload1)-Steps Failed , Taking Screenshot
['ERROR]2023-05-09 12:59:33,856(yyyy-MM-ddHH:mm:ss.SSS][TestNG-tests-1]Utilities.Loggerload1)-Steps Failed , Taking Screenshot
['ERROR]2023-05-09 13:00:41,008(yyyy-MM-ddHH:mm:ss.SSS][TestNG-PoolService-5]Utilities.Loggerload1)-Steps Failed , Taking Screenshot
['ERROR]2023-05-09 13:00:41,008(yyyy-MM-ddHH:mm:ss.SSS][TestNG-PoolService-6]Utilities.Loggerload1)-Steps Failed , Taking Screenshot
['INFO ]2023-05-09 13:00:41,008(yyyy-MM-ddHH:mm:ss.SSS][TestNG-PoolService-7]Utilities.Loggerload1)-User is in the Tree Module Page
['INFO ]2023-05-09 13:00:41,008(yyyy-MM-ddHH:mm:ss.SSS][TestNG-PoolService-4]Utilities.Loggerload1)-User is in the home page
['ERROR]2023-05-09 13:00:41,008(yyyy-MM-ddHH:mm:ss.SSS][TestNG-PoolService-8]Utilities.Loggerload1)-Steps Failed , Taking Screenshot
['ERROR]2023-05-09 13:00:41,008(yyyy-MM-ddHH:mm:ss.SSS][TestNG-PoolService-1]Utilities.Loggerload1)-Steps Failed , Taking Screenshot
['ERROR]2023-05-09 13:00:41,017(yyyy-MM-ddHH:mm:ss.SSS][TestNG-PoolService-4]Utilities.Loggerload1)-Steps Failed , Taking Screenshot
['ERROR]2023-05-09 13:00:41,031(yyyy-MM-ddHH:mm:ss.SSS][TestNG-PoolService-7]Utilities.Loggerload1)-Steps Failed , Taking Screenshot
['ERROR]2023-05-09 13:00:41,486(yyyy-MM-ddHH:mm:ss.SSS][TestNG-PoolService-2]Utilities.Loggerload1)-Steps Failed , Taking Screenshot
['ERROR]2023-05-09 13:00:42,486(yyyy-MM-ddHH:mm:ss.SSS][TestNG-PoolService-3]Utilities.Loggerload1)-Steps Failed , Taking Screenshot
['INFO ]2023-05-09 13:00:43,508(yyyy-MM-ddHH:mm:ss.SSS][TestNG-PoolService-0]Utilities.Loggerload1)-Website Opened
['ERROR]2023-05-09 13:00:48,208(yyyy-MM-ddHH:mm:ss.SSS][TestNG-PoolService-0]Utilities.Loggerload1)-Steps Failed , Taking Screenshot
['INFO ]2023-05-09 13:01:26,040(yyyy-MM-ddHH:mm:ss.SSS][main]Utilities.Loggerload1)-Website Opened
['ERROR]2023-05-09 13:01:31,424(yyyy-MM-ddHH:mm:ss.SSS][main]Utilities.Loggerload1)-Steps Failed , Taking Screenshot
['ERROR]2023-05-09 13:01:36,529(yyyy-MM-ddHH:mm:ss.SSS][main]Utilities.Loggerload1)-Steps Failed , Taking Screenshot
['INFO ]2023-05-09 13:01:40,623(yyyy-MM-ddHH:mm:ss.SSS][main]Utilities.Loggerload1)-U are in the Home Page
['INFO ]2023-05-09 13:01:40,655(yyyy-MM-ddHH:mm:ss.SSS][main]Utilities.Loggerload1)-User is in the home page
['INFO ]2023-05-09 13:01:51,277(yyyy-MM-ddHH:mm:ss.SSS][main]Utilities.Loggerload1)-Valid Python code
['INFO ]2023-05-09 13:01:57,808(yyyy-MM-ddHH:mm:ss.SSS][main]Utilities.Loggerload1)-Valid Python code
['INFO ]2023-05-09 13:01:59,847(yyyy-MM-ddHH:mm:ss.SSS][main]Utilities.Loggerload1)-User Landed on the Tree Page
['INFO ]2023-05-09 13:01:59,873(yyyy-MM-ddHH:mm:ss.SSS][main]Utilities.Loggerload1)-User is in the Tree Module Page
['ERROR]2023-05-09 13:02:04,579(yyyy-MM-ddHH:mm:ss.SSS][main]Utilities.Loggerload1)-Steps Failed , Taking Screenshot
['INFO ]2023-05-09 13:02:13,974(yyyy-MM-ddHH:mm:ss.SSS][main]Utilities.Loggerload1)-Valid Python code
['ERROR]2023-05-09 17:55:15,334(yyyy-MM-ddHH:mm:ss.SSS][main]Utilities.Loggerload1)-Steps Failed , Taking Screenshot
['ERROR]2023-05-09 17:55:25,824(yyyy-MM-ddHH:mm:ss.SSS][main]Utilities.Loggerload1)-Steps Failed , Taking Screenshot
['ERROR]2023-05-09 17:55:37,283(yyyy-MM-ddHH:mm:ss.SSS][main]Utilities.Loggerload1)-Steps Failed , Taking Screenshot
['ERROR]2023-05-09 17:55:38,606(yyyy-MM-ddHH:mm:ss.SSS][main]Utilities.Loggerload1)-Steps Failed , Taking Screenshot
['INFO ]2023-05-09 17:55:38,653(yyyy-MM-ddHH:mm:ss.SSS][main]Utilities.Loggerload1)-User is in the home page
['ERROR]2023-05-09 17:55:38,662(yyyy-MM-ddHH:mm:ss.SSS][main]Utilities.Loggerload1)-Steps Failed , Taking Screenshot
['ERROR]2023-05-09 17:55:38,713(yyyy-MM-ddHH:mm:ss.SSS][main]Utilities.Loggerload1)-Steps Failed , Taking Screenshot
['ERROR]2023-05-09 17:55:38,751(yyyy-MM-ddHH:mm:ss.SSS][main]Utilities.Loggerload1)-Steps Failed , Taking Screenshot
['INFO ]2023-05-09 17:55:38,777(yyyy-MM-ddHH:mm:ss.SSS][main]Utilities.Loggerload1)-User is in the Tree Module Page
['ERROR]2023-05-09 17:55:38,801(yyyy-MM-ddHH:mm:ss.SSS][main]Utilities.Loggerload1)-Steps Failed , Taking Screenshot
['ERROR]2023-05-09 17:55:38,853(yyyy-MM-ddHH:mm:ss.SSS][main]Utilities.Loggerload1)-Steps Failed , Taking Screenshot
['INFO ]2023-05-09 17:58:06,840(yyyy-MM-ddHH:mm:ss.SSS][main]Utilities.Loggerload1)-Website Opened
['ERROR]2023-05-09 17:58:11,433(yyyy-MM-ddHH:mm:ss.SSS][main]Utilities.Loggerload1)-Steps Failed , Taking Screenshot
['ERROR]2023-05-09 17:58:16,710(yyyy-MM-ddHH:mm:ss.SSS][main]Utilities.Loggerload1)-Steps Failed , Taking Screenshot
['INFO ]2023-05-09 17:58:20,854(yyyy-MM-ddHH:mm:ss.SSS][main]Utilities.Loggerload1)-U are in the Home Page
['INFO ]2023-05-09 17:58:20,886(yyyy-MM-ddHH:mm:ss.SSS][main]Utilities.Loggerload1)-User is in the home page
['INFO ]2023-05-09 17:58:32,292(yyyy-MM-ddHH:mm:ss.SSS][main]Utilities.Loggerload1)-Valid Python code
['INFO ]2023-05-09 17:58:38,769(yyyy-MM-ddHH:mm:ss.SSS][main]Utilities.Loggerload1)-Valid Python code
['INFO ]2023-05-09 17:58:40,942(yyyy-MM-ddHH:mm:ss.SSS][main]Utilities.Loggerload1)-User Landed on the Tree Page
['INFO ]2023-05-09 17:58:40,975(yyyy-MM-ddHH:mm:ss.SSS][main]Utilities.Loggerload1)-User is in the Tree Module Page
['ERROR]2023-05-09 17:58:45,325(yyyy-MM-ddHH:mm:ss.SSS][main]Utilities.Loggerload1)-Steps Failed , Taking Screenshot
['INFO ]2023-05-09 17:58:54,726(yyyy-MM-ddHH:mm:ss.SSS][main]Utilities.Loggerload1)-Valid Python code
['INFO ]2023-05-09 18:24:22,430(yyyy-MM-ddHH:mm:ss.SSS][TestNG-tests-2]Utilities.Loggerload1)-Website Opened
['INFO ]2023-05-09 18:24:23,016(yyyy-MM-ddHH:mm:ss.SSS][TestNG-tests-1]Utilities.Loggerload1)-Website Opened
['ERROR]2023-05-09 18:24:27,275(yyyy-MM-ddHH:mm:ss.SSS][TestNG-tests-1]Utilities.Loggerload1)-Steps Failed , Taking Screenshot
['ERROR]2023-05-09 18:24:27,619(yyyy-MM-ddHH:mm:ss.SSS][TestNG-tests-2]Utilities.Loggerload1)-Steps Failed , Taking Screenshot
['ERROR]2023-05-09 18:24:32,037(yyyy-MM-ddHH:mm:ss.SSS][TestNG-tests-1]Utilities.Loggerload1)-Steps Failed , Taking Screenshot
['ERROR]2023-05-09 18:24:33,143(yyyy-MM-ddHH:mm:ss.SSS][TestNG-tests-1]Utilities.Loggerload1)-Steps Failed , Taking Screenshot
['INFO ]2023-05-09 18:24:33,190(yyyy-MM-ddHH:mm:ss.SSS][TestNG-tests-1]Utilities.Loggerload1)-User is in the home page
['ERROR]2023-05-09 18:24:33,207(yyyy-MM-ddHH:mm:ss.SSS][TestNG-tests-1]Utilities.Loggerload1)-Steps Failed , Taking Screenshot
['ERROR]2023-05-09 18:24:33,248(yyyy-MM-ddHH:mm:ss.SSS][TestNG-tests-1]Utilities.Loggerload1)-Steps Failed , Taking Screenshot
['ERROR]2023-05-09 18:24:33,304(yyyy-MM-ddHH:mm:ss.SSS][TestNG-tests-1]Utilities.Loggerload1)-Steps Failed , Taking Screenshot
['INFO ]2023-05-09 18:24:33,336(yyyy-MM-ddHH:mm:ss.SSS][TestNG-tests-1]Utilities.Loggerload1)-User is in the Tree Module Page
['ERROR]2023-05-09 18:24:33,362(yyyy-MM-ddHH:mm:ss.SSS][TestNG-tests-1]Utilities.Loggerload1)-Steps Failed , Taking Screenshot
['ERROR]2023-05-09 18:24:33,408(yyyy-MM-ddHH:mm:ss.SSS][TestNG-tests-1]Utilities.Loggerload1)-Steps Failed , Taking Screenshot
['ERROR]2023-05-09 18:24:34,247(yyyy-MM-ddHH:mm:ss.SSS][TestNG-tests-2]Utilities.Loggerload1)-Steps Failed , Taking Screenshot
['ERROR]2023-05-09 18:24:37,639(yyyy-MM-ddHH:mm:ss.SSS][TestNG-tests-2]Utilities.Loggerload1)-Steps Failed , Taking Screenshot
['ERROR]2023-05-09 18:24:38,765(yyyy-MM-ddHH:mm:ss.SSS][TestNG-tests-2]Utilities.Loggerload1)-Steps Failed , Taking Screenshot
['INFO ]2023-05-09 18:24:38,804(yyyy-MM-ddHH:mm:ss.SSS][TestNG-tests-2]Utilities.Loggerload1)-User is in the home page
['ERROR]2023-05-09 18:24:38,821(yyyy-MM-ddHH:mm:ss.SSS][TestNG-tests-2]Utilities.Loggerload1)-Steps Failed , Taking Screenshot
['ERROR]2023-05-09 18:24:38,861(yyyy-MM-ddHH:mm:ss.SSS][TestNG-tests-2]Utilities.Loggerload1)-Steps Failed , Taking Screenshot
['ERROR]2023-05-09 18:24:38,958(yyyy-MM-ddHH:mm:ss.SSS][TestNG-tests-2]Utilities.Loggerload1)-Steps Failed , Taking Screenshot
['INFO ]2023-05-09 18:24:38,987(yyyy-MM-ddHH:mm:ss.SSS][TestNG-tests-2]Utilities.Loggerload1)-User is in the Tree Module Page
['ERROR]2023-05-09 18:24:39,009(yyyy-MM-ddHH:mm:ss.SSS][TestNG-tests-2]Utilities.Loggerload1)-Steps Failed , Taking Screenshot
['ERROR]2023-05-09 18:24:39,056(yyyy-MM-ddHH:mm:ss.SSS][TestNG-tests-2]Utilities.Loggerload1)-Steps Failed , Taking Screenshot
['INFO ]2023-05-09 18:25:54,331(yyyy-MM-ddHH:mm:ss.SSS][TestNG-tests-2]Utilities.Loggerload1)-Website Opened
['INFO ]2023-05-09 18:25:54,360(yyyy-MM-ddHH:mm:ss.SSS][TestNG-tests-1]Utilities.Loggerload1)-Website Opened
['ERROR]2023-05-09 18:25:58,955(yyyy-MM-ddHH:mm:ss.SSS][TestNG-tests-2]Utilities.Loggerload1)-Steps Failed , Taking Screenshot
['ERROR]2023-05-09 18:25:59,195(yyyy-MM-ddHH:mm:ss.SSS][TestNG-tests-1]Utilities.Loggerload1)-Steps Failed , Taking Screenshot
['ERROR]2023-05-09 18:26:01,857(yyyy-MM-ddHH:mm:ss.SSS][TestNG-tests-1]Utilities.Loggerload1)-Steps Failed , Taking Screenshot
['ERROR]2023-05-09 18:26:01,965(yyyy-MM-ddHH:mm:ss.SSS][TestNG-tests-1]Utilities.Loggerload1)-Steps Failed , Taking Screenshot
['ERROR]2023-05-09 18:26:03,080(yyyy-MM-ddHH:mm:ss.SSS][TestNG-tests-1]Utilities.Loggerload1)-Steps Failed , Taking Screenshot
['INFO ]2023-05-09 18:26:03,136(yyyy-MM-ddHH:mm:ss.SSS][TestNG-tests-1]Utilities.Loggerload1)-User is in the home page
['ERROR]2023-05-09 18:26:03,167(yyyy-MM-ddHH:mm:ss.SSS][TestNG-tests-1]Utilities.Loggerload1)-Steps Failed , Taking Screenshot
['ERROR]2023-05-09 18:26:03,281(yyyy-MM-ddHH:mm:ss.SSS][TestNG-tests-1]Utilities.Loggerload1)-Steps Failed , Taking Screenshot
['ERROR]2023-05-09 18:26:03,329(yyyy-MM-ddHH:mm:ss.SSS][TestNG-tests-2]Utilities.Loggerload1)-Steps Failed , Taking Screenshot
['ERROR]2023-05-09 18:26:03,378(yyyy-MM-ddHH:mm:ss.SSS][TestNG-tests-1]Utilities.Loggerload1)-Steps Failed , Taking Screenshot
['INFO ]2023-05-09 18:26:03,421(yyyy-MM-ddHH:mm:ss.SSS][TestNG-tests-1]Utilities.Loggerload1)-User is in the Tree Module Page
['ERROR]2023-05-09 18:26:03,468(yyyy-MM-ddHH:mm:ss.SSS][TestNG-tests-1]Utilities.Loggerload1)-Steps Failed , Taking Screenshot
['ERROR]2023-05-09 18:26:03,508(yyyy-MM-ddHH:mm:ss.SSS][TestNG-tests-1]Utilities.Loggerload1)-Steps Failed , Taking Screenshot
['ERROR]2023-05-09 18:26:04,519(yyyy-MM-ddHH:mm:ss.SSS][TestNG-tests-2]Utilities.Loggerload1)-Steps Failed , Taking Screenshot
['INFO ]2023-05-09 18:26:07,566(yyyy-MM-ddHH:mm:ss.SSS][TestNG-tests-2]Utilities.Loggerload1)-User is in the home page
['ERROR]2023-05-09 18:26:07,582(yyyy-MM-ddHH:mm:ss.SSS][TestNG-tests-2]Utilities.Loggerload1)-Steps Failed , Taking Screenshot
['ERROR]2023-05-09 18:26:07,644(yyyy-MM-ddHH:mm:ss.SSS][TestNG-tests-2]Utilities.Loggerload1)-Steps Failed , Taking Screenshot
['ERROR]2023-05-09 18:26:07,707(yyyy-MM-ddHH:mm:ss.SSS][TestNG-tests-2]Utilities.Loggerload1)-Steps Failed , Taking Screenshot
['INFO ]2023-05-09 18:26:07,753(yyyy-MM-ddHH:mm:ss.SSS][TestNG-tests-2]Utilities.Loggerload1)-User is in the Tree Module Page
['ERROR]2023-05-09 18:26:07,785(yyyy-MM-ddHH:mm:ss.SSS][TestNG-tests-2]Utilities.Loggerload1)-Steps Failed , Taking Screenshot
['ERROR]2023-05-09 18:26:07,852(yyyy-MM-ddHH:mm:ss.SSS][TestNG-tests-2]Utilities.Loggerload1)-Steps Failed , Taking Screenshot
['INFO ]2023-05-09 18:31:47,708(yyyy-MM-ddHH:mm:ss.SSS][main]Utilities.Loggerload1)-Website Opened
['ERROR]2023-05-09 18:31:52,485(yyyy-MM-ddHH:mm:ss.SSS][main]Utilities.Loggerload1)-Steps Failed , Taking Screenshot
['ERROR]2023-05-09 18:31:56,216(yyyy-MM-ddHH:mm:ss.SSS][main]Utilities.Loggerload1)-Steps Failed , Taking Screenshot
['ERROR]2023-05-09 18:31:56,358(yyyy-MM-ddHH:mm:ss.SSS][main]Utilities.Loggerload1)-Steps Failed , Taking Screenshot
['ERROR]2023-05-09 18:31:57,502(yyyy-MM-ddHH:mm:ss.SSS][main]Utilities.Loggerload1)-Steps Failed , Taking Screenshot
['INFO ]2023-05-09 18:31:57,546(yyyy-MM-ddHH:mm:ss.SSS][main]Utilities.Loggerload1)-User is in the home page
['ERROR]2023-05-09 18:31:57,570(yyyy-MM-ddHH:mm:ss.SSS][main]Utilities.Loggerload1)-Steps Failed , Taking Screenshot
['ERROR]2023-05-09 18:31:57,609(yyyy-MM-ddHH:mm:ss.SSS][main]Utilities.Loggerload1)-Steps Failed , Taking Screenshot
['ERROR]2023-05-09 18:31:57,639(yyyy-MM-ddHH:mm:ss.SSS][main]Utilities.Loggerload1)-Steps Failed , Taking Screenshot
['INFO ]2023-05-09 18:31:57,669(yyyy-MM-ddHH:mm:ss.SSS][main]Utilities.Loggerload1)-User is in the Tree Module Page
['ERROR]2023-05-09 18:31:57,696(yyyy-MM-ddHH:mm:ss.SSS][main]Utilities.Loggerload1)-Steps Failed , Taking Screenshot
['ERROR]2023-05-09 18:31:57,731(yyyy-MM-ddHH:mm:ss.SSS][main]Utilities.Loggerload1)-Steps Failed , Taking Screenshot
['INFO ]2023-05-09 18:32:04,911(yyyy-MM-ddHH:mm:ss.SSS][main]Utilities.Loggerload1)-Website Opened
['ERROR]2023-05-09 18:32:08,411(yyyy-MM-ddHH:mm:ss.SSS][main]Utilities.Loggerload1)-Steps Failed , Taking Screenshot
['ERROR]2023-05-09 18:32:11,521(yyyy-MM-ddHH:mm:ss.SSS][main]Utilities.Loggerload1)-Steps Failed , Taking Screenshot
['ERROR]2023-05-09 18:32:11,607(yyyy-MM-ddHH:mm:ss.SSS][main]Utilities.Loggerload1)-Steps Failed , Taking Screenshot
['ERROR]2023-05-09 18:32:12,734(yyyy-MM-ddHH:mm:ss.SSS][main]Utilities.Loggerload1)-Steps Failed , Taking Screenshot
['INFO ]2023-05-09 18:32:12,774(yyyy-MM-ddHH:mm:ss.SSS][main]Utilities.Loggerload1)-User is in the home page
['ERROR]2023-05-09 18:32:12,783(yyyy-MM-ddHH:mm:ss.SSS][main]Utilities.Loggerload1)-Steps Failed , Taking Screenshot
['ERROR]2023-05-09 18:32:12,856(yyyy-MM-ddHH:mm:ss.SSS][main]Utilities.Loggerload1)-Steps Failed , Taking Screenshot
['ERROR]2023-05-09 18:32:12,893(yyyy-MM-ddHH:mm:ss.SSS][main]Utilities.Loggerload1)-Steps Failed , Taking Screenshot
['INFO ]2023-05-09 18:32:12,932(yyyy-MM-ddHH:mm:ss.SSS][main]Utilities.Loggerload1)-User is in the Tree Module Page
['ERROR]2023-05-09 18:32:12,946(yyyy-MM-ddHH:mm:ss.SSS][main]Utilities.Loggerload1)-Steps Failed , Taking Screenshot
['ERROR]2023-05-09 18:32:12,999(yyyy-MM-ddHH:mm:ss.SSS][main]Utilities.Loggerload1)-Steps Failed , Taking Screenshot
['INFO ]2023-05-09 18:32:38,601(yyyy-MM-ddHH:mm:ss.SSS][main]Utilities.Loggerload1)-Website Opened
['ERROR]2023-05-09 18:32:42,779(yyyy-MM-ddHH:mm:ss.SSS][main]Utilities.Loggerload1)-Steps Failed , Taking Screenshot
['ERROR]2023-05-09 18:32:48,117(yyyy-MM-ddHH:mm:ss.SSS][main]Utilities.Loggerload1)-Steps Failed , Taking Screenshot
['INFO ]2023-05-09 18:32:52,094(yyyy-MM-ddHH:mm:ss.SSS][main]Utilities.Loggerload1)-U are in the Home Page
['INFO ]2023-05-09 18:32:52,135(yyyy-MM-ddHH:mm:ss.SSS][main]Utilities.Loggerload1)-User is in the home page
['INFO ]2023-05-09 18:33:03,562(yyyy-MM-ddHH:mm:ss.SSS][main]Utilities.Loggerload1)-Valid Python code
['INFO ]2023-05-09 18:33:09,917(yyyy-MM-ddHH:mm:ss.SSS][main]Utilities.Loggerload1)-Valid Python code
['INFO ]2023-05-09 18:33:12,224(yyyy-MM-ddHH:mm:ss.SSS][main]Utilities.Loggerload1)-User Landed on the Tree Page
['INFO ]2023-05-09 18:33:12,246(yyyy-MM-ddHH:mm:ss.SSS][main]Utilities.Loggerload1)-User is in the Tree Module Page
['ERROR]2023-05-09 18:33:17,084(yyyy-MM-ddHH:mm:ss.SSS][main]Utilities.Loggerload1)-Steps Failed , Taking Screenshot
['INFO ]2023-05-09 18:33:26,538(yyyy-MM-ddHH:mm:ss.SSS][main]Utilities.Loggerload1)-Valid Python code
['INFO ]2023-05-09 18:33:35,118(yyyy-MM-ddHH:mm:ss.SSS][main]Utilities.Loggerload1)-Website Opened
['ERROR]2023-05-09 18:33:38,359(yyyy-MM-ddHH:mm:ss.SSS][main]Utilities.Loggerload1)-Steps Failed , Taking Screenshot
['ERROR]2023-05-09 18:33:38,416(yyyy-MM-ddHH:mm:ss.SSS][main]Utilities.Loggerload1)-Steps Failed , Taking Screenshot
['ERROR]2023-05-09 18:33:38,489(yyyy-MM-ddHH:mm:ss.SSS][main]Utilities.Loggerload1)-Steps Failed , Taking Screenshot
['ERROR]2023-05-09 18:33:39,567(yyyy-MM-ddHH:mm:ss.SSS][main]Utilities.Loggerload1)-Steps Failed , Taking Screenshot
['INFO ]2023-05-09 18:33:39,596(yyyy-MM-ddHH:mm:ss.SSS][main]Utilities.Loggerload1)-User is in the home page
['ERROR]2023-05-09 18:33:39,614(yyyy-MM-ddHH:mm:ss.SSS][main]Utilities.Loggerload1)-Steps Failed , Taking Screenshot
['ERROR]2023-05-09 18:33:39,729(yyyy-MM-ddHH:mm:ss.SSS][main]Utilities.Loggerload1)-Steps Failed , Taking Screenshot
['ERROR]2023-05-09 18:33:39,826(yyyy-MM-ddHH:mm:ss.SSS][main]Utilities.Loggerload1)-Steps Failed , Taking Screenshot
['INFO ]2023-05-09 18:33:39,862(yyyy-MM-ddHH:mm:ss.SSS][main]Utilities.Loggerload1)-User is in the Tree Module Page
['ERROR]2023-05-09 18:33:39,929(yyyy-MM-ddHH:mm:ss.SSS][main]Utilities.Loggerload1)-Steps Failed , Taking Screenshot
['ERROR]2023-05-09 18:33:40,067(yyyy-MM-ddHH:mm:ss.SSS][main]Utilities.Loggerload1)-Steps Failed , Taking Screenshot
['INFO ]2023-05-09 18:36:03,194(yyyy-MM-ddHH:mm:ss.SSS][TestNG-test=Test-Chrome-1]Utilities.Loggerload1)-Website Opened
['ERROR]2023-05-09 18:36:07,877(yyyy-MM-ddHH:mm:ss.SSS][TestNG-test=Test-Chrome-1]Utilities.Loggerload1)-Steps Failed , Taking Screenshot
['ERROR]2023-05-09 18:36:13,198(yyyy-MM-ddHH:mm:ss.SSS][TestNG-test=Test-Chrome-1]Utilities.Loggerload1)-Steps Failed , Taking Screenshot
['INFO ]2023-05-09 18:36:17,303(yyyy-MM-ddHH:mm:ss.SSS][TestNG-test=Test-Chrome-1]Utilities.Loggerload1)-U are in the Home Page
['INFO ]2023-05-09 18:36:17,340(yyyy-MM-ddHH:mm:ss.SSS][TestNG-test=Test-Chrome-1]Utilities.Loggerload1)-User is in the home page
['INFO ]2023-05-09 18:36:28,221(yyyy-MM-ddHH:mm:ss.SSS][TestNG-test=Test-Chrome-1]Utilities.Loggerload1)-Valid Python code
['INFO ]2023-05-09 18:36:34,631(yyyy-MM-ddHH:mm:ss.SSS][TestNG-test=Test-Chrome-1]Utilities.Loggerload1)-Valid Python code
['INFO ]2023-05-09 18:36:36,873(yyyy-MM-ddHH:mm:ss.SSS][TestNG-test=Test-Chrome-1]Utilities.Loggerload1)-User Landed on the Tree Page
['INFO ]2023-05-09 18:36:36,889(yyyy-MM-ddHH:mm:ss.SSS][TestNG-test=Test-Chrome-1]Utilities.Loggerload1)-User is in the Tree Module Page
['ERROR]2023-05-09 18:36:41,298(yyyy-MM-ddHH:mm:ss.SSS][TestNG-test=Test-Chrome-1]Utilities.Loggerload1)-Steps Failed , Taking Screenshot
['INFO ]2023-05-09 18:36:50,772(yyyy-MM-ddHH:mm:ss.SSS][TestNG-test=Test-Chrome-1]Utilities.Loggerload1)-Valid Python code
['INFO ]2023-05-09 18:36:59,862(yyyy-MM-ddHH:mm:ss.SSS][TestNG-test=Test-Edge-1]Utilities.Loggerload1)-Website Opened
['ERROR]2023-05-09 18:37:02,725(yyyy-MM-ddHH:mm:ss.SSS][TestNG-test=Test-Edge-1]Utilities.Loggerload1)-Steps Failed , Taking Screenshot
['ERROR]2023-05-09 18:37:02,775(yyyy-MM-ddHH:mm:ss.SSS][TestNG-test=Test-Edge-1]Utilities.Loggerload1)-Steps Failed , Taking Screenshot
['ERROR]2023-05-09 18:37:02,872(yyyy-MM-ddHH:mm:ss.SSS][TestNG-test=Test-Edge-1]Utilities.Loggerload1)-Steps Failed , Taking Screenshot
['ERROR]2023-05-09 18:37:04,012(yyyy-MM-ddHH:mm:ss.SSS][TestNG-test=Test-Edge-1]Utilities.Loggerload1)-Steps Failed , Taking Screenshot
['INFO ]2023-05-09 18:37:04,034(yyyy-MM-ddHH:mm:ss.SSS][TestNG-test=Test-Edge-1]Utilities.Loggerload1)-User is in the home page
['ERROR]2023-05-09 18:37:04,048(yyyy-MM-ddHH:mm:ss.SSS][TestNG-test=Test-Edge-1]Utilities.Loggerload1)-Steps Failed , Taking Screenshot
['ERROR]2023-05-09 18:37:04,087(yyyy-MM-ddHH:mm:ss.SSS][TestNG-test=Test-Edge-1]Utilities.Loggerload1)-Steps Failed , Taking Screenshot
['ERROR]2023-05-09 18:37:04,196(yyyy-MM-ddHH:mm:ss.SSS][TestNG-test=Test-Edge-1]Utilities.Loggerload1)-Steps Failed , Taking Screenshot
['INFO ]2023-05-09 18:37:04,229(yyyy-MM-ddHH:mm:ss.SSS][TestNG-test=Test-Edge-1]Utilities.Loggerload1)-User is in the Tree Module Page
['ERROR]2023-05-09 18:37:04,291(yyyy-MM-ddHH:mm:ss.SSS][TestNG-test=Test-Edge-1]Utilities.Loggerload1)-Steps Failed , Taking Screenshot
['ERROR]2023-05-09 18:37:04,338(yyyy-MM-ddHH:mm:ss.SSS][TestNG-test=Test-Edge-1]Utilities.Loggerload1)-Steps Failed , Taking Screenshot
['INFO ]2023-05-09 19:10:08,483(yyyy-MM-ddHH:mm:ss.SSS][TestNG-tests-2]Utilities.Loggerload1)-Website Opened
['INFO ]2023-05-09 19:10:08,738(yyyy-MM-ddHH:mm:ss.SSS][TestNG-tests-1]Utilities.Loggerload1)-Website Opened
['ERROR]2023-05-09 19:10:12,500(yyyy-MM-ddHH:mm:ss.SSS][TestNG-tests-2]Utilities.Loggerload1)-Steps Failed , Taking Screenshot
['ERROR]2023-05-09 19:10:13,012(yyyy-MM-ddHH:mm:ss.SSS][TestNG-tests-2]Utilities.Loggerload1)-Steps Failed , Taking Screenshot
['ERROR]2023-05-09 19:10:13,643(yyyy-MM-ddHH:mm:ss.SSS][TestNG-tests-1]Utilities.Loggerload1)-Steps Failed , Taking Screenshot
['ERROR]2023-05-09 19:10:13,663(yyyy-MM-ddHH:mm:ss.SSS][TestNG-tests-2]Utilities.Loggerload1)-Steps Failed , Taking Screenshot
['ERROR]2023-05-09 19:10:15,145(yyyy-MM-ddHH:mm:ss.SSS][TestNG-tests-1]Utilities.Loggerload1)-Steps Failed , Taking Screenshot
['ERROR]2023-05-09 19:10:15,260(yyyy-MM-ddHH:mm:ss.SSS][TestNG-tests-1]Utilities.Loggerload1)-Steps Failed , Taking Screenshot
['ERROR]2023-05-09 19:10:16,231(yyyy-MM-ddHH:mm:ss.SSS][TestNG-tests-2]Utilities.Loggerload1)-Steps Failed , Taking Screenshot
['INFO ]2023-05-09 19:10:16,292(yyyy-MM-ddHH:mm:ss.SSS][TestNG-tests-2]Utilities.Loggerload1)-User is in the home page
['ERROR]2023-05-09 19:10:16,312(yyyy-MM-ddHH:mm:ss.SSS][TestNG-tests-2]Utilities.Loggerload1)-Steps Failed , Taking Screenshot
['ERROR]2023-05-09 19:10:16,357(yyyy-MM-ddHH:mm:ss.SSS][TestNG-tests-2]Utilities.Loggerload1)-Steps Failed , Taking Screenshot
['ERROR]2023-05-09 19:10:16,395(yyyy-MM-ddHH:mm:ss.SSS][TestNG-tests-2]Utilities.Loggerload1)-Steps Failed , Taking Screenshot
['ERROR]2023-05-09 19:10:16,402(yyyy-MM-ddHH:mm:ss.SSS][TestNG-tests-1]Utilities.Loggerload1)-Steps Failed , Taking Screenshot
['INFO ]2023-05-09 19:10:16,435(yyyy-MM-ddHH:mm:ss.SSS][TestNG-tests-2]Utilities.Loggerload1)-User is in the Tree Module Page
['INFO ]2023-05-09 19:10:16,473(yyyy-MM-ddHH:mm:ss.SSS][TestNG-tests-1]Utilities.Loggerload1)-User is in the home page
['ERROR]2023-05-09 19:10:16,516(yyyy-MM-ddHH:mm:ss.SSS][TestNG-tests-2]Utilities.Loggerload1)-Steps Failed , Taking Screenshot
['ERROR]2023-05-09 19:10:16,548(yyyy-MM-ddHH:mm:ss.SSS][TestNG-tests-1]Utilities.Loggerload1)-Steps Failed , Taking Screenshot
['ERROR]2023-05-09 19:10:16,598(yyyy-MM-ddHH:mm:ss.SSS][TestNG-tests-2]Utilities.Loggerload1)-Steps Failed , Taking Screenshot
['ERROR]2023-05-09 19:10:16,656(yyyy-MM-ddHH:mm:ss.SSS][TestNG-tests-1]Utilities.Loggerload1)-Steps Failed , Taking Screenshot
['ERROR]2023-05-09 19:10:21,048(yyyy-MM-ddHH:mm:ss.SSS][TestNG-tests-1]Utilities.Loggerload1)-Steps Failed , Taking Screenshot
['INFO ]2023-05-09 19:10:21,090(yyyy-MM-ddHH:mm:ss.SSS][TestNG-tests-1]Utilities.Loggerload1)-User is in the Tree Module Page
['ERROR]2023-05-09 19:10:21,135(yyyy-MM-ddHH:mm:ss.SSS][TestNG-tests-1]Utilities.Loggerload1)-Steps Failed , Taking Screenshot
['ERROR]2023-05-09 19:10:21,197(yyyy-MM-ddHH:mm:ss.SSS][TestNG-tests-1]Utilities.Loggerload1)-Steps Failed , Taking Screenshot
['INFO ]2023-05-09 19:13:44,815(yyyy-MM-ddHH:mm:ss.SSS][TestNG-tests-2]Utilities.Loggerload1)-Website Opened
['INFO ]2023-05-09 19:13:44,932(yyyy-MM-ddHH:mm:ss.SSS][TestNG-tests-1]Utilities.Loggerload1)-Website Opened
['ERROR]2023-05-09 19:13:50,252(yyyy-MM-ddHH:mm:ss.SSS][TestNG-tests-1]Utilities.Loggerload1)-Steps Failed , Taking Screenshot
['ERROR]2023-05-09 19:13:50,252(yyyy-MM-ddHH:mm:ss.SSS][TestNG-tests-2]Utilities.Loggerload1)-Steps Failed , Taking Screenshot
['ERROR]2023-05-09 19:13:50,409(yyyy-MM-ddHH:mm:ss.SSS][TestNG-tests-1]Utilities.Loggerload1)-Steps Failed , Taking Screenshot
['ERROR]2023-05-09 19:13:50,438(yyyy-MM-ddHH:mm:ss.SSS][TestNG-tests-2]Utilities.Loggerload1)-Steps Failed , Taking Screenshot
['ERROR]2023-05-09 19:13:50,621(yyyy-MM-ddHH:mm:ss.SSS][TestNG-tests-2]Utilities.Loggerload1)-Steps Failed , Taking Screenshot
['ERROR]2023-05-09 19:13:50,647(yyyy-MM-ddHH:mm:ss.SSS][TestNG-tests-1]Utilities.Loggerload1)-Steps Failed , Taking Screenshot
['ERROR]2023-05-09 19:13:51,755(yyyy-MM-ddHH:mm:ss.SSS][TestNG-tests-2]Utilities.Loggerload1)-Steps Failed , Taking Screenshot
['ERROR]2023-05-09 19:13:51,780(yyyy-MM-ddHH:mm:ss.SSS][TestNG-tests-1]Utilities.Loggerload1)-Steps Failed , Taking Screenshot
['INFO ]2023-05-09 19:13:51,817(yyyy-MM-ddHH:mm:ss.SSS][TestNG-tests-1]Utilities.Loggerload1)-User is in the home page
['INFO ]2023-05-09 19:13:51,817(yyyy-MM-ddHH:mm:ss.SSS][TestNG-tests-2]Utilities.Loggerload1)-User is in the home page
['ERROR]2023-05-09 19:13:51,830(yyyy-MM-ddHH:mm:ss.SSS][TestNG-tests-1]Utilities.Loggerload1)-Steps Failed , Taking Screenshot
['ERROR]2023-05-09 19:13:51,830(yyyy-MM-ddHH:mm:ss.SSS][TestNG-tests-2]Utilities.Loggerload1)-Steps Failed , Taking Screenshot
['ERROR]2023-05-09 19:13:51,867(yyyy-MM-ddHH:mm:ss.SSS][TestNG-tests-2]Utilities.Loggerload1)-Steps Failed , Taking Screenshot
['ERROR]2023-05-09 19:13:51,872(yyyy-MM-ddHH:mm:ss.SSS][TestNG-tests-1]Utilities.Loggerload1)-Steps Failed , Taking Screenshot
['ERROR]2023-05-09 19:13:51,921(yyyy-MM-ddHH:mm:ss.SSS][TestNG-tests-2]Utilities.Loggerload1)-Steps Failed , Taking Screenshot
['ERROR]2023-05-09 19:13:51,939(yyyy-MM-ddHH:mm:ss.SSS][TestNG-tests-1]Utilities.Loggerload1)-Steps Failed , Taking Screenshot
['INFO ]2023-05-09 19:13:51,988(yyyy-MM-ddHH:mm:ss.SSS][TestNG-tests-1]Utilities.Loggerload1)-User is in the Tree Module Page
['INFO ]2023-05-09 19:13:52,004(yyyy-MM-ddHH:mm:ss.SSS][TestNG-tests-2]Utilities.Loggerload1)-User is in the Tree Module Page
['ERROR]2023-05-09 19:13:52,031(yyyy-MM-ddHH:mm:ss.SSS][TestNG-tests-1]Utilities.Loggerload1)-Steps Failed , Taking Screenshot
['ERROR]2023-05-09 19:13:52,036(yyyy-MM-ddHH:mm:ss.SSS][TestNG-tests-2]Utilities.Loggerload1)-Steps Failed , Taking Screenshot
['ERROR]2023-05-09 19:13:52,125(yyyy-MM-ddHH:mm:ss.SSS][TestNG-tests-1]Utilities.Loggerload1)-Steps Failed , Taking Screenshot
['ERROR]2023-05-09 19:13:52,145(yyyy-MM-ddHH:mm:ss.SSS][TestNG-tests-2]Utilities.Loggerload1)-Steps Failed , Taking Screenshot
['INFO ]2023-05-09 19:14:18,237(yyyy-MM-ddHH:mm:ss.SSS][TestNG-test=Test-Chrome-1]Utilities.Loggerload1)-Website Opened
['ERROR]2023-05-09 19:14:26,470(yyyy-MM-ddHH:mm:ss.SSS][TestNG-test=Test-Chrome-1]Utilities.Loggerload1)-Steps Failed , Taking Screenshot
['ERROR]2023-05-09 19:14:32,235(yyyy-MM-ddHH:mm:ss.SSS][TestNG-test=Test-Chrome-1]Utilities.Loggerload1)-Steps Failed , Taking Screenshot
['INFO ]2023-05-09 19:14:36,587(yyyy-MM-ddHH:mm:ss.SSS][TestNG-test=Test-Chrome-1]Utilities.Loggerload1)-U are in the Home Page
['INFO ]2023-05-09 19:14:36,643(yyyy-MM-ddHH:mm:ss.SSS][TestNG-test=Test-Chrome-1]Utilities.Loggerload1)-User is in the home page
['ERROR]2023-05-09 19:14:37,719(yyyy-MM-ddHH:mm:ss.SSS][TestNG-test=Test-Chrome-1]Utilities.Loggerload1)-Steps Failed , Taking Screenshot
['ERROR]2023-05-09 19:14:37,800(yyyy-MM-ddHH:mm:ss.SSS][TestNG-test=Test-Chrome-1]Utilities.Loggerload1)-Steps Failed , Taking Screenshot
['ERROR]2023-05-09 19:14:37,836(yyyy-MM-ddHH:mm:ss.SSS][TestNG-test=Test-Chrome-1]Utilities.Loggerload1)-Steps Failed , Taking Screenshot
['INFO ]2023-05-09 19:14:37,854(yyyy-MM-ddHH:mm:ss.SSS][TestNG-test=Test-Chrome-1]Utilities.Loggerload1)-User is in the Tree Module Page
['ERROR]2023-05-09 19:14:37,893(yyyy-MM-ddHH:mm:ss.SSS][TestNG-test=Test-Chrome-1]Utilities.Loggerload1)-Steps Failed , Taking Screenshot
['ERROR]2023-05-09 19:14:37,921(yyyy-MM-ddHH:mm:ss.SSS][TestNG-test=Test-Chrome-1]Utilities.Loggerload1)-Steps Failed , Taking Screenshot
['INFO ]2023-05-09 19:14:44,613(yyyy-MM-ddHH:mm:ss.SSS][TestNG-test=Test-Edge-1]Utilities.Loggerload1)-Website Opened
['ERROR]2023-05-09 19:14:49,204(yyyy-MM-ddHH:mm:ss.SSS][TestNG-test=Test-Edge-1]Utilities.Loggerload1)-Steps Failed , Taking Screenshot
['ERROR]2023-05-09 19:14:49,285(yyyy-MM-ddHH:mm:ss.SSS][TestNG-test=Test-Edge-1]Utilities.Loggerload1)-Steps Failed , Taking Screenshot
['ERROR]2023-05-09 19:14:49,387(yyyy-MM-ddHH:mm:ss.SSS][TestNG-test=Test-Edge-1]Utilities.Loggerload1)-Steps Failed , Taking Screenshot
['ERROR]2023-05-09 19:14:50,503(yyyy-MM-ddHH:mm:ss.SSS][TestNG-test=Test-Edge-1]Utilities.Loggerload1)-Steps Failed , Taking Screenshot
['INFO ]2023-05-09 19:14:50,545(yyyy-MM-ddHH:mm:ss.SSS][TestNG-test=Test-Edge-1]Utilities.Loggerload1)-User is in the home page
['ERROR]2023-05-09 19:14:50,560(yyyy-MM-ddHH:mm:ss.SSS][TestNG-test=Test-Edge-1]Utilities.Loggerload1)-Steps Failed , Taking Screenshot
['ERROR]2023-05-09 19:14:50,587(yyyy-MM-ddHH:mm:ss.SSS][TestNG-test=Test-Edge-1]Utilities.Loggerload1)-Steps Failed , Taking Screenshot
['ERROR]2023-05-09 19:14:50,630(yyyy-MM-ddHH:mm:ss.SSS][TestNG-test=Test-Edge-1]Utilities.Loggerload1)-Steps Failed , Taking Screenshot
['INFO ]2023-05-09 19:14:50,655(yyyy-MM-ddHH:mm:ss.SSS][TestNG-test=Test-Edge-1]Utilities.Loggerload1)-User is in the Tree Module Page
['ERROR]2023-05-09 19:14:50,676(yyyy-MM-ddHH:mm:ss.SSS][TestNG-test=Test-Edge-1]Utilities.Loggerload1)-Steps Failed , Taking Screenshot
['ERROR]2023-05-09 19:14:50,723(yyyy-MM-ddHH:mm:ss.SSS][TestNG-test=Test-Edge-1]Utilities.Loggerload1)-Steps Failed , Taking Screenshot
['INFO ]2023-05-09 19:17:56,112(yyyy-MM-ddHH:mm:ss.SSS][main]Utilities.Loggerload1)-Website Opened
['ERROR]2023-05-09 19:18:03,351(yyyy-MM-ddHH:mm:ss.SSS][main]Utilities.Loggerload1)-Steps Failed , Taking Screenshot
['ERROR]2023-05-09 19:18:08,693(yyyy-MM-ddHH:mm:ss.SSS][main]Utilities.Loggerload1)-Steps Failed , Taking Screenshot
['INFO ]2023-05-09 19:18:13,621(yyyy-MM-ddHH:mm:ss.SSS][main]Utilities.Loggerload1)-U are in the Home Page
['INFO ]2023-05-09 19:18:13,665(yyyy-MM-ddHH:mm:ss.SSS][main]Utilities.Loggerload1)-User is in the home page
['INFO ]2023-05-09 19:18:24,285(yyyy-MM-ddHH:mm:ss.SSS][main]Utilities.Loggerload1)-Valid Python code
['INFO ]2023-05-09 19:18:30,315(yyyy-MM-ddHH:mm:ss.SSS][main]Utilities.Loggerload1)-Valid Python code
['INFO ]2023-05-09 19:18:33,278(yyyy-MM-ddHH:mm:ss.SSS][main]Utilities.Loggerload1)-User Landed on the Tree Page
['INFO ]2023-05-09 19:18:33,285(yyyy-MM-ddHH:mm:ss.SSS][main]Utilities.Loggerload1)-User is in the Tree Module Page
['ERROR]2023-05-09 19:18:39,977(yyyy-MM-ddHH:mm:ss.SSS][main]Utilities.Loggerload1)-Steps Failed , Taking Screenshot
['INFO ]2023-05-09 19:18:49,752(yyyy-MM-ddHH:mm:ss.SSS][main]Utilities.Loggerload1)-Valid Python code
['INFO ]2023-05-09 23:29:03,681(yyyy-MM-ddHH:mm:ss.SSS][TestNG-test=Test-Chrome-1]Utilities.Loggerload1)-Website Opened
['ERROR]2023-05-09 23:29:11,933(yyyy-MM-ddHH:mm:ss.SSS][TestNG-test=Test-Chrome-1]Utilities.Loggerload1)-Steps Failed , Taking Screenshot
['ERROR]2023-05-09 23:29:18,717(yyyy-MM-ddHH:mm:ss.SSS][TestNG-test=Test-Chrome-1]Utilities.Loggerload1)-Steps Failed , Taking Screenshot
['INFO ]2023-05-09 23:29:22,713(yyyy-MM-ddHH:mm:ss.SSS][TestNG-test=Test-Chrome-1]Utilities.Loggerload1)-U are in the Home Page
['INFO ]2023-05-09 23:29:22,770(yyyy-MM-ddHH:mm:ss.SSS][TestNG-test=Test-Chrome-1]Utilities.Loggerload1)-User is in the home page
['INFO ]2023-05-09 23:29:35,232(yyyy-MM-ddHH:mm:ss.SSS][TestNG-test=Test-Chrome-1]Utilities.Loggerload1)-Valid Python code
['INFO ]2023-05-09 23:29:42,714(yyyy-MM-ddHH:mm:ss.SSS][TestNG-test=Test-Chrome-1]Utilities.Loggerload1)-Valid Python code
['INFO ]2023-05-09 23:29:46,116(yyyy-MM-ddHH:mm:ss.SSS][TestNG-test=Test-Chrome-1]Utilities.Loggerload1)-User Landed on the Tree Page
['INFO ]2023-05-09 23:29:46,134(yyyy-MM-ddHH:mm:ss.SSS][TestNG-test=Test-Chrome-1]Utilities.Loggerload1)-User is in the Tree Module Page
['ERROR]2023-05-09 23:29:51,724(yyyy-MM-ddHH:mm:ss.SSS][TestNG-test=Test-Chrome-1]Utilities.Loggerload1)-Steps Failed , Taking Screenshot
['INFO ]2023-05-09 23:30:02,445(yyyy-MM-ddHH:mm:ss.SSS][TestNG-test=Test-Chrome-1]Utilities.Loggerload1)-Valid Python code
['INFO ]2023-05-09 23:30:12,854(yyyy-MM-ddHH:mm:ss.SSS][TestNG-test=Test-Edge-1]Utilities.Loggerload1)-Website Opened
['ERROR]2023-05-09 23:30:19,291(yyyy-MM-ddHH:mm:ss.SSS][TestNG-test=Test-Edge-1]Utilities.Loggerload1)-Steps Failed , Taking Screenshot
['ERROR]2023-05-09 23:30:32,794(yyyy-MM-ddHH:mm:ss.SSS][TestNG-test=Test-Edge-1]Utilities.Loggerload1)-Steps Failed , Taking Screenshot
['ERROR]2023-05-09 23:30:43,525(yyyy-MM-ddHH:mm:ss.SSS][TestNG-test=Test-Edge-1]Utilities.Loggerload1)-Steps Failed , Taking Screenshot
['ERROR]2023-05-09 23:30:56,017(yyyy-MM-ddHH:mm:ss.SSS][TestNG-test=Test-Edge-1]Utilities.Loggerload1)-Steps Failed , Taking Screenshot
['INFO ]2023-05-09 23:30:56,288(yyyy-MM-ddHH:mm:ss.SSS][TestNG-test=Test-Edge-1]Utilities.Loggerload1)-User is in the home page
['ERROR]2023-05-09 23:31:05,232(yyyy-MM-ddHH:mm:ss.SSS][TestNG-test=Test-Edge-1]Utilities.Loggerload1)-Steps Failed , Taking Screenshot
['ERROR]2023-05-09 23:31:05,312(yyyy-MM-ddHH:mm:ss.SSS][TestNG-test=Test-Edge-1]Utilities.Loggerload1)-Steps Failed , Taking Screenshot
['ERROR]2023-05-09 23:31:05,368(yyyy-MM-ddHH:mm:ss.SSS][TestNG-test=Test-Edge-1]Utilities.Loggerload1)-Steps Failed , Taking Screenshot
['INFO ]2023-05-09 23:31:05,425(yyyy-MM-ddHH:mm:ss.SSS][TestNG-test=Test-Edge-1]Utilities.Loggerload1)-User is in the Tree Module Page
['ERROR]2023-05-09 23:31:05,433(yyyy-MM-ddHH:mm:ss.SSS][TestNG-test=Test-Edge-1]Utilities.Loggerload1)-Steps Failed , Taking Screenshot
['ERROR]2023-05-09 23:31:05,528(yyyy-MM-ddHH:mm:ss.SSS][TestNG-test=Test-Edge-1]Utilities.Loggerload1)-Steps Failed , Taking Screenshot
