['INFO ]2023-05-06 14:15:21,051(yyyy-MM-ddHH:mm:ss.SSS][main]utilities.LoggerLoad1)-Website Launched
['INFO ]2023-05-06 14:15:21,645(yyyy-MM-ddHH:mm:ss.SSS][main]utilities.LoggerLoad1)-Clicked on Get started button
['INFO ]2023-05-06 14:29:01,174(yyyy-MM-ddHH:mm:ss.SSS][main]utilities.LoggerLoad1)-Website Launched
['INFO ]2023-05-06 14:29:02,683(yyyy-MM-ddHH:mm:ss.SSS][main]utilities.LoggerLoad1)-Clicked on Get started button
['INFO ]2023-05-06 14:29:02,919(yyyy-MM-ddHH:mm:ss.SSS][main]utilities.LoggerLoad1)-Clicked on register button 
['INFO ]2023-05-06 14:33:04,728(yyyy-MM-ddHH:mm:ss.SSS][main]utilities.LoggerLoad1)-Website Launched
['INFO ]2023-05-06 14:33:06,241(yyyy-MM-ddHH:mm:ss.SSS][main]utilities.LoggerLoad1)-Clicked on Get started button
['INFO ]2023-05-06 14:33:06,508(yyyy-MM-ddHH:mm:ss.SSS][main]utilities.LoggerLoad1)-Clicked on register button 
['INFO ]2023-05-06 14:54:36,835(yyyy-MM-ddHH:mm:ss.SSS][main]utilities.LoggerLoad1)-Website Launched
['INFO ]2023-05-06 14:54:38,360(yyyy-MM-ddHH:mm:ss.SSS][main]utilities.LoggerLoad1)-Clicked on Get started button
['INFO ]2023-05-06 14:54:38,601(yyyy-MM-ddHH:mm:ss.SSS][main]utilities.LoggerLoad1)-Clicked on register button 
['INFO ]2023-05-06 15:05:35,036(yyyy-MM-ddHH:mm:ss.SSS][main]utilities.LoggerLoad1)-Website Launched
['INFO ]2023-05-06 15:05:36,648(yyyy-MM-ddHH:mm:ss.SSS][main]utilities.LoggerLoad1)-Clicked on Get started button
['INFO ]2023-05-06 15:09:23,016(yyyy-MM-ddHH:mm:ss.SSS][main]utilities.LoggerLoad1)-Website Launched
['INFO ]2023-05-06 15:09:24,530(yyyy-MM-ddHH:mm:ss.SSS][main]utilities.LoggerLoad1)-Clicked on Get started button
['INFO ]2023-05-06 15:15:46,516(yyyy-MM-ddHH:mm:ss.SSS][main]utilities.LoggerLoad1)-Website Launched
['INFO ]2023-05-06 15:15:48,104(yyyy-MM-ddHH:mm:ss.SSS][main]utilities.LoggerLoad1)-Clicked on Get started button
['INFO ]2023-05-06 16:20:33,038(yyyy-MM-ddHH:mm:ss.SSS][main]utilities.LoggerLoad1)-Website Launched
['INFO ]2023-05-06 16:20:34,627(yyyy-MM-ddHH:mm:ss.SSS][main]utilities.LoggerLoad1)-Clicked on Get started button
['INFO ]2023-05-06 17:57:54,697(yyyy-MM-ddHH:mm:ss.SSS][main]utilities.LoggerLoad1)-Website Launched
['INFO ]2023-05-06 17:57:56,288(yyyy-MM-ddHH:mm:ss.SSS][main]utilities.LoggerLoad1)-Clicked on Get started button
['INFO ]2023-05-06 18:11:38,284(yyyy-MM-ddHH:mm:ss.SSS][main]utilities.LoggerLoad1)-Website Launched
['INFO ]2023-05-06 18:11:39,832(yyyy-MM-ddHH:mm:ss.SSS][main]utilities.LoggerLoad1)-Clicked on Get started button
['INFO ]2023-05-06 20:53:40,717(yyyy-MM-ddHH:mm:ss.SSS][main]utilities.LoggerLoad1)-Website Launched
['INFO ]2023-05-06 20:53:42,176(yyyy-MM-ddHH:mm:ss.SSS][main]utilities.LoggerLoad1)-Clicked on Get started button
['INFO ]2023-05-07 10:59:08,606(yyyy-MM-ddHH:mm:ss.SSS][main]utilities.LoggerLoad1)-Website Launched
['INFO ]2023-05-07 10:59:10,271(yyyy-MM-ddHH:mm:ss.SSS][main]utilities.LoggerLoad1)-Clicked on Get started button
['INFO ]2023-05-07 11:10:54,184(yyyy-MM-ddHH:mm:ss.SSS][main]utilities.LoggerLoad1)-Website Launched
['INFO ]2023-05-07 11:10:55,716(yyyy-MM-ddHH:mm:ss.SSS][main]utilities.LoggerLoad1)-Clicked on Get started button
['INFO ]2023-05-07 11:10:55,901(yyyy-MM-ddHH:mm:ss.SSS][main]utilities.LoggerLoad1)-Clicked on register button 
['INFO ]2023-05-07 13:11:10,327(yyyy-MM-ddHH:mm:ss.SSS][main]utilities.LoggerLoad1)-Website Launched
['INFO ]2023-05-07 13:11:12,145(yyyy-MM-ddHH:mm:ss.SSS][main]utilities.LoggerLoad1)-Clicked on Get started button
['INFO ]2023-05-07 13:11:12,381(yyyy-MM-ddHH:mm:ss.SSS][main]utilities.LoggerLoad1)-Clicked on register button 
['INFO ]2023-05-07 19:40:57,081(yyyy-MM-ddHH:mm:ss.SSS][main]utilities.LoggerLoad1)-Website Launched
['INFO ]2023-05-07 19:40:58,622(yyyy-MM-ddHH:mm:ss.SSS][main]utilities.LoggerLoad1)-Clicked on Get started button
['INFO ]2023-05-07 19:40:58,818(yyyy-MM-ddHH:mm:ss.SSS][main]utilities.LoggerLoad1)-Clicked on register button 
['INFO ]2023-05-07 19:53:16,247(yyyy-MM-ddHH:mm:ss.SSS][main]utilities.LoggerLoad1)-Website Launched
['INFO ]2023-05-07 19:53:18,860(yyyy-MM-ddHH:mm:ss.SSS][main]utilities.LoggerLoad1)-Clicked on Get started button
['INFO ]2023-05-07 19:53:19,082(yyyy-MM-ddHH:mm:ss.SSS][main]utilities.LoggerLoad1)-Clicked on register button 
['INFO ]2023-05-07 20:14:28,073(yyyy-MM-ddHH:mm:ss.SSS][main]utilities.LoggerLoad1)-Website Launched
['INFO ]2023-05-07 20:14:29,700(yyyy-MM-ddHH:mm:ss.SSS][main]utilities.LoggerLoad1)-Clicked on Get started button
['INFO ]2023-05-07 20:14:29,867(yyyy-MM-ddHH:mm:ss.SSS][main]utilities.LoggerLoad1)-Clicked on register button 
['INFO ]2023-05-08 16:01:21,169(yyyy-MM-ddHH:mm:ss.SSS][main]utilities.LoggerLoad1)-Website Launched
['INFO ]2023-05-08 16:04:00,243(yyyy-MM-ddHH:mm:ss.SSS][main]utilities.LoggerLoad1)-Website Launched
['INFO ]2023-05-08 16:31:02,856(yyyy-MM-ddHH:mm:ss.SSS][main]utilities.LoggerLoad1)-Website Launched
['INFO ]2023-05-08 16:31:04,370(yyyy-MM-ddHH:mm:ss.SSS][main]utilities.LoggerLoad1)-Clicked on Get started button
['INFO ]2023-05-08 16:31:04,568(yyyy-MM-ddHH:mm:ss.SSS][main]utilities.LoggerLoad1)-Clicked on register button 
['INFO ]2023-05-08 16:38:59,065(yyyy-MM-ddHH:mm:ss.SSS][main]utilities.LoggerLoad1)-Website Launched
['INFO ]2023-05-08 16:39:00,632(yyyy-MM-ddHH:mm:ss.SSS][main]utilities.LoggerLoad1)-Clicked on Get started button
['INFO ]2023-05-08 16:39:00,910(yyyy-MM-ddHH:mm:ss.SSS][main]utilities.LoggerLoad1)-Clicked on register button 
['INFO ]2023-05-08 17:51:10,417(yyyy-MM-ddHH:mm:ss.SSS][main]utilities.LoggerLoad1)-Website Launched
['INFO ]2023-05-08 17:51:13,729(yyyy-MM-ddHH:mm:ss.SSS][main]utilities.LoggerLoad1)-Clicked on Get started button
['INFO ]2023-05-08 17:51:15,194(yyyy-MM-ddHH:mm:ss.SSS][main]utilities.LoggerLoad1)-Clicked on register button 
['INFO ]2023-05-08 17:53:47,991(yyyy-MM-ddHH:mm:ss.SSS][main]utilities.LoggerLoad1)-Website Launched
['INFO ]2023-05-08 17:53:49,936(yyyy-MM-ddHH:mm:ss.SSS][main]utilities.LoggerLoad1)-Clicked on Get started button
['INFO ]2023-05-08 17:53:50,197(yyyy-MM-ddHH:mm:ss.SSS][main]utilities.LoggerLoad1)-Clicked on register button 
['INFO ]2023-05-08 18:01:42,547(yyyy-MM-ddHH:mm:ss.SSS][main]utilities.LoggerLoad1)-Website Launched
['INFO ]2023-05-08 18:01:44,311(yyyy-MM-ddHH:mm:ss.SSS][main]utilities.LoggerLoad1)-Clicked on Get started button
['INFO ]2023-05-08 18:01:44,563(yyyy-MM-ddHH:mm:ss.SSS][main]utilities.LoggerLoad1)-Clicked on register button 
['INFO ]2023-05-08 18:10:49,492(yyyy-MM-ddHH:mm:ss.SSS][main]utilities.LoggerLoad1)-Website Launched
['INFO ]2023-05-08 18:10:51,005(yyyy-MM-ddHH:mm:ss.SSS][main]utilities.LoggerLoad1)-Clicked on Get started button
['INFO ]2023-05-08 18:10:51,274(yyyy-MM-ddHH:mm:ss.SSS][main]utilities.LoggerLoad1)-Clicked on register button 
['INFO ]2023-05-08 18:55:12,544(yyyy-MM-ddHH:mm:ss.SSS][main]utilities.LoggerLoad1)-Website Launched
['INFO ]2023-05-08 18:55:14,242(yyyy-MM-ddHH:mm:ss.SSS][main]utilities.LoggerLoad1)-Clicked on Get started button
['INFO ]2023-05-08 18:55:14,475(yyyy-MM-ddHH:mm:ss.SSS][main]utilities.LoggerLoad1)-Clicked on register button 
['INFO ]2023-05-08 19:22:43,643(yyyy-MM-ddHH:mm:ss.SSS][main]utilities.LoggerLoad1)-Website Launched
['INFO ]2023-05-08 19:22:45,301(yyyy-MM-ddHH:mm:ss.SSS][main]utilities.LoggerLoad1)-Clicked on Get started button
['INFO ]2023-05-08 19:22:45,553(yyyy-MM-ddHH:mm:ss.SSS][main]utilities.LoggerLoad1)-Clicked on register button 
['INFO ]2023-05-08 19:27:39,954(yyyy-MM-ddHH:mm:ss.SSS][main]utilities.LoggerLoad1)-Website Launched
['INFO ]2023-05-08 19:27:41,486(yyyy-MM-ddHH:mm:ss.SSS][main]utilities.LoggerLoad1)-Clicked on Get started button
['INFO ]2023-05-08 19:27:41,724(yyyy-MM-ddHH:mm:ss.SSS][main]utilities.LoggerLoad1)-Clicked on register button 
['INFO ]2023-05-08 19:34:15,357(yyyy-MM-ddHH:mm:ss.SSS][main]utilities.LoggerLoad1)-Website Launched
['INFO ]2023-05-08 19:34:17,019(yyyy-MM-ddHH:mm:ss.SSS][main]utilities.LoggerLoad1)-Clicked on Get started button
['INFO ]2023-05-08 19:34:17,264(yyyy-MM-ddHH:mm:ss.SSS][main]utilities.LoggerLoad1)-Clicked on register button 
['INFO ]2023-05-08 22:02:40,047(yyyy-MM-ddHH:mm:ss.SSS][main]utilities.LoggerLoad1)-Website Launched
['INFO ]2023-05-08 22:02:41,609(yyyy-MM-ddHH:mm:ss.SSS][main]utilities.LoggerLoad1)-Clicked on Get started button
['INFO ]2023-05-08 22:02:41,840(yyyy-MM-ddHH:mm:ss.SSS][main]utilities.LoggerLoad1)-Clicked on register button 
['INFO ]2023-05-08 22:02:43,304(yyyy-MM-ddHH:mm:ss.SSS][main]utilities.LoggerLoad1)-User is in Loginpage
['INFO ]2023-05-08 22:02:43,972(yyyy-MM-ddHH:mm:ss.SSS][main]utilities.LoggerLoad1)-User is in Homepage
['INFO ]2023-05-08 22:02:45,525(yyyy-MM-ddHH:mm:ss.SSS][main]utilities.LoggerLoad1)-User in on message testing page
['INFO ]2023-05-08 22:24:52,367(yyyy-MM-ddHH:mm:ss.SSS][main]utilities.LoggerLoad1)-Website Launched
['INFO ]2023-05-08 22:24:53,986(yyyy-MM-ddHH:mm:ss.SSS][main]utilities.LoggerLoad1)-Clicked on Get started button
['INFO ]2023-05-08 22:24:54,289(yyyy-MM-ddHH:mm:ss.SSS][main]utilities.LoggerLoad1)-Clicked on register button 
['INFO ]2023-05-08 22:24:55,994(yyyy-MM-ddHH:mm:ss.SSS][main]utilities.LoggerLoad1)-User is in Loginpage
['INFO ]2023-05-08 22:29:46,948(yyyy-MM-ddHH:mm:ss.SSS][main]utilities.LoggerLoad1)-Website Launched
['INFO ]2023-05-08 22:29:48,632(yyyy-MM-ddHH:mm:ss.SSS][main]utilities.LoggerLoad1)-Clicked on Get started button
['INFO ]2023-05-08 22:29:48,840(yyyy-MM-ddHH:mm:ss.SSS][main]utilities.LoggerLoad1)-Clicked on register button 
['INFO ]2023-05-08 22:29:50,411(yyyy-MM-ddHH:mm:ss.SSS][main]utilities.LoggerLoad1)-User is in Loginpage
['INFO ]2023-05-09 10:50:33,481(yyyy-MM-ddHH:mm:ss.SSS][main]utilities.LoggerLoad1)-Website Launched
['INFO ]2023-05-09 10:50:34,937(yyyy-MM-ddHH:mm:ss.SSS][main]utilities.LoggerLoad1)-Clicked on Get started button
['INFO ]2023-05-09 10:50:35,111(yyyy-MM-ddHH:mm:ss.SSS][main]utilities.LoggerLoad1)-Clicked on register button 
['INFO ]2023-05-09 10:50:36,448(yyyy-MM-ddHH:mm:ss.SSS][main]utilities.LoggerLoad1)-User is in Loginpage
['INFO ]2023-05-09 15:07:20,444(yyyy-MM-ddHH:mm:ss.SSS][main]utilities.LoggerLoad1)-Website Launched
['INFO ]2023-05-09 15:07:21,961(yyyy-MM-ddHH:mm:ss.SSS][main]utilities.LoggerLoad1)-Clicked on Get started button
['INFO ]2023-05-09 15:07:22,133(yyyy-MM-ddHH:mm:ss.SSS][main]utilities.LoggerLoad1)-Clicked on register button 
['INFO ]2023-05-09 15:07:23,218(yyyy-MM-ddHH:mm:ss.SSS][main]utilities.LoggerLoad1)-User is in Loginpage
['INFO ]2023-05-09 15:14:54,019(yyyy-MM-ddHH:mm:ss.SSS][main]utilities.LoggerLoad1)-Website Launched
['INFO ]2023-05-09 15:14:55,473(yyyy-MM-ddHH:mm:ss.SSS][main]utilities.LoggerLoad1)-Clicked on Get started button
['INFO ]2023-05-09 15:14:56,856(yyyy-MM-ddHH:mm:ss.SSS][main]utilities.LoggerLoad1)-Clicked on register button 
['INFO ]2023-05-09 15:14:57,981(yyyy-MM-ddHH:mm:ss.SSS][main]utilities.LoggerLoad1)-User is in Loginpage
['INFO ]2023-05-09 15:24:58,588(yyyy-MM-ddHH:mm:ss.SSS][main]utilities.LoggerLoad1)-Website Launched
['INFO ]2023-05-09 15:25:00,175(yyyy-MM-ddHH:mm:ss.SSS][main]utilities.LoggerLoad1)-Clicked on Get started button
['INFO ]2023-05-09 15:25:00,402(yyyy-MM-ddHH:mm:ss.SSS][main]utilities.LoggerLoad1)-Clicked on register button 
['INFO ]2023-05-09 15:25:01,798(yyyy-MM-ddHH:mm:ss.SSS][main]utilities.LoggerLoad1)-User is in Loginpage
['INFO ]2023-05-09 15:25:03,604(yyyy-MM-ddHH:mm:ss.SSS][main]utilities.LoggerLoad1)-User is in testign page 
['INFO ]2023-05-09 15:25:03,676(yyyy-MM-ddHH:mm:ss.SSS][main]utilities.LoggerLoad1)-User is in testign page 
['INFO ]2023-05-09 15:47:02,765(yyyy-MM-ddHH:mm:ss.SSS][main]utilities.LoggerLoad1)-Website Launched
['INFO ]2023-05-09 15:47:04,203(yyyy-MM-ddHH:mm:ss.SSS][main]utilities.LoggerLoad1)-Clicked on Get started button
['INFO ]2023-05-09 15:47:04,417(yyyy-MM-ddHH:mm:ss.SSS][main]utilities.LoggerLoad1)-Clicked on register button 
['INFO ]2023-05-09 15:47:05,735(yyyy-MM-ddHH:mm:ss.SSS][main]utilities.LoggerLoad1)-User is in Loginpage
['INFO ]2023-05-09 15:47:07,674(yyyy-MM-ddHH:mm:ss.SSS][main]utilities.LoggerLoad1)-User is in testign page 
['INFO ]2023-05-09 15:47:07,732(yyyy-MM-ddHH:mm:ss.SSS][main]utilities.LoggerLoad1)-User is in testign page 
['INFO ]2023-05-09 16:41:00,558(yyyy-MM-ddHH:mm:ss.SSS][main]utilities.LoggerLoad1)-Website Launched
['INFO ]2023-05-09 16:41:02,041(yyyy-MM-ddHH:mm:ss.SSS][main]utilities.LoggerLoad1)-Clicked on Get started button
['INFO ]2023-05-09 16:41:02,241(yyyy-MM-ddHH:mm:ss.SSS][main]utilities.LoggerLoad1)-Clicked on register button 
['INFO ]2023-05-09 16:41:03,773(yyyy-MM-ddHH:mm:ss.SSS][main]utilities.LoggerLoad1)-User is in Loginpage
['INFO ]2023-05-09 17:27:50,658(yyyy-MM-ddHH:mm:ss.SSS][main]utilities.LoggerLoad1)-Website Launched
['INFO ]2023-05-09 17:27:52,182(yyyy-MM-ddHH:mm:ss.SSS][main]utilities.LoggerLoad1)-Clicked on Get started button
['INFO ]2023-05-09 17:27:52,410(yyyy-MM-ddHH:mm:ss.SSS][main]utilities.LoggerLoad1)-Clicked on register button 
['INFO ]2023-05-09 17:27:53,939(yyyy-MM-ddHH:mm:ss.SSS][main]utilities.LoggerLoad1)-User is in Loginpage
['INFO ]2023-05-09 17:27:57,030(yyyy-MM-ddHH:mm:ss.SSS][main]utilities.LoggerLoad1)-User tested the corect code
['INFO ]2023-05-09 17:27:57,066(yyyy-MM-ddHH:mm:ss.SSS][main]utilities.LoggerLoad1)-User is in testign page 
['INFO ]2023-05-09 17:27:57,208(yyyy-MM-ddHH:mm:ss.SSS][main]utilities.LoggerLoad1)-User is in testign page 
['INFO ]2023-05-09 17:33:41,739(yyyy-MM-ddHH:mm:ss.SSS][main]utilities.LoggerLoad1)-Website Launched
['INFO ]2023-05-09 17:33:43,392(yyyy-MM-ddHH:mm:ss.SSS][main]utilities.LoggerLoad1)-Clicked on Get started button
['INFO ]2023-05-09 17:33:43,618(yyyy-MM-ddHH:mm:ss.SSS][main]utilities.LoggerLoad1)-Clicked on register button 
['INFO ]2023-05-09 17:33:45,206(yyyy-MM-ddHH:mm:ss.SSS][main]utilities.LoggerLoad1)-User is in Loginpage
['INFO ]2023-05-09 17:33:47,794(yyyy-MM-ddHH:mm:ss.SSS][main]utilities.LoggerLoad1)-User tested the corect code
['INFO ]2023-05-09 17:33:47,884(yyyy-MM-ddHH:mm:ss.SSS][main]utilities.LoggerLoad1)-User is in testign page 
['INFO ]2023-05-09 17:33:48,018(yyyy-MM-ddHH:mm:ss.SSS][main]utilities.LoggerLoad1)-User is in testign page 
['INFO ]2023-05-09 17:45:06,771(yyyy-MM-ddHH:mm:ss.SSS][main]utilities.LoggerLoad1)-Website Launched
['INFO ]2023-05-09 17:45:08,487(yyyy-MM-ddHH:mm:ss.SSS][main]utilities.LoggerLoad1)-Clicked on Get started button
['INFO ]2023-05-09 17:45:08,690(yyyy-MM-ddHH:mm:ss.SSS][main]utilities.LoggerLoad1)-Clicked on register button 
['INFO ]2023-05-09 17:45:11,067(yyyy-MM-ddHH:mm:ss.SSS][main]utilities.LoggerLoad1)-User is in Loginpage
['INFO ]2023-05-09 17:45:14,405(yyyy-MM-ddHH:mm:ss.SSS][main]utilities.LoggerLoad1)-User tested the corect code
['INFO ]2023-05-09 17:58:25,148(yyyy-MM-ddHH:mm:ss.SSS][main]utilities.LoggerLoad1)-Website Launched
['INFO ]2023-05-09 17:58:26,967(yyyy-MM-ddHH:mm:ss.SSS][main]utilities.LoggerLoad1)-Clicked on Get started button
['INFO ]2023-05-09 17:58:27,182(yyyy-MM-ddHH:mm:ss.SSS][main]utilities.LoggerLoad1)-Clicked on register button 
['INFO ]2023-05-09 17:58:28,785(yyyy-MM-ddHH:mm:ss.SSS][main]utilities.LoggerLoad1)-User is in Loginpage
['INFO ]2023-05-09 17:58:31,059(yyyy-MM-ddHH:mm:ss.SSS][main]utilities.LoggerLoad1)-User tested the corect code
['INFO ]2023-05-09 18:06:34,707(yyyy-MM-ddHH:mm:ss.SSS][main]utilities.LoggerLoad1)-Website Launched
['INFO ]2023-05-09 18:06:36,256(yyyy-MM-ddHH:mm:ss.SSS][main]utilities.LoggerLoad1)-Clicked on Get started button
['INFO ]2023-05-09 18:06:36,477(yyyy-MM-ddHH:mm:ss.SSS][main]utilities.LoggerLoad1)-Clicked on register button 
['INFO ]2023-05-09 18:06:38,499(yyyy-MM-ddHH:mm:ss.SSS][main]utilities.LoggerLoad1)-User is in Loginpage
['INFO ]2023-05-09 18:06:41,117(yyyy-MM-ddHH:mm:ss.SSS][main]utilities.LoggerLoad1)-User tested the corect code
['INFO ]2023-05-09 22:26:08,378(yyyy-MM-ddHH:mm:ss.SSS][main]utilities.LoggerLoad1)-Website Launched
['INFO ]2023-05-09 22:26:09,929(yyyy-MM-ddHH:mm:ss.SSS][main]utilities.LoggerLoad1)-Clicked on Get started button
['INFO ]2023-05-09 22:26:10,142(yyyy-MM-ddHH:mm:ss.SSS][main]utilities.LoggerLoad1)-Clicked on register button 
['INFO ]2023-05-09 22:26:11,932(yyyy-MM-ddHH:mm:ss.SSS][main]utilities.LoggerLoad1)-User is in Loginpage
['INFO ]2023-05-09 22:26:14,697(yyyy-MM-ddHH:mm:ss.SSS][main]utilities.LoggerLoad1)-User tested the corect code
['INFO ]2023-05-09 23:02:23,624(yyyy-MM-ddHH:mm:ss.SSS][main]utilities.LoggerLoad1)-Website Launched
['INFO ]2023-05-09 23:02:25,753(yyyy-MM-ddHH:mm:ss.SSS][main]utilities.LoggerLoad1)-Clicked on Get started button
['INFO ]2023-05-09 23:02:25,950(yyyy-MM-ddHH:mm:ss.SSS][main]utilities.LoggerLoad1)-Clicked on register button 
['INFO ]2023-05-09 23:02:27,545(yyyy-MM-ddHH:mm:ss.SSS][main]utilities.LoggerLoad1)-User is in Loginpage
['INFO ]2023-05-09 23:02:30,102(yyyy-MM-ddHH:mm:ss.SSS][main]utilities.LoggerLoad1)-User tested the corect code
['INFO ]2023-05-09 23:02:30,575(yyyy-MM-ddHH:mm:ss.SSS][main]utilities.LoggerLoad1)-User is trying the incorrect code 
['INFO ]2023-05-09 23:02:31,375(yyyy-MM-ddHH:mm:ss.SSS][main]utilities.LoggerLoad1)-User is trying the incorrect code 
['INFO ]2023-05-10 10:23:06,414(yyyy-MM-ddHH:mm:ss.SSS][main]utilities.LoggerLoad1)-Website Launched
['INFO ]2023-05-10 10:23:08,174(yyyy-MM-ddHH:mm:ss.SSS][main]utilities.LoggerLoad1)-Clicked on Get started button
['INFO ]2023-05-10 10:23:08,409(yyyy-MM-ddHH:mm:ss.SSS][main]utilities.LoggerLoad1)-Clicked on register button 
['INFO ]2023-05-10 10:23:10,328(yyyy-MM-ddHH:mm:ss.SSS][main]utilities.LoggerLoad1)-User is in Loginpage
['INFO ]2023-05-10 10:23:12,860(yyyy-MM-ddHH:mm:ss.SSS][main]utilities.LoggerLoad1)-User tested the corect code
['INFO ]2023-05-10 10:23:13,274(yyyy-MM-ddHH:mm:ss.SSS][main]utilities.LoggerLoad1)-User is trying the incorrect code 
['INFO ]2023-05-10 10:23:13,923(yyyy-MM-ddHH:mm:ss.SSS][main]utilities.LoggerLoad1)-User is trying the incorrect code 
['INFO ]2023-05-10 10:39:17,674(yyyy-MM-ddHH:mm:ss.SSS][main]utilities.LoggerLoad1)-Website Launched
['INFO ]2023-05-10 10:39:19,420(yyyy-MM-ddHH:mm:ss.SSS][main]utilities.LoggerLoad1)-Clicked on Get started button
['INFO ]2023-05-10 10:39:19,675(yyyy-MM-ddHH:mm:ss.SSS][main]utilities.LoggerLoad1)-Clicked on register button 
['INFO ]2023-05-10 10:39:21,620(yyyy-MM-ddHH:mm:ss.SSS][main]utilities.LoggerLoad1)-User is in Loginpage
['INFO ]2023-05-10 10:39:23,318(yyyy-MM-ddHH:mm:ss.SSS][main]utilities.LoggerLoad1)-User tested the corect code
['INFO ]2023-05-10 10:39:23,676(yyyy-MM-ddHH:mm:ss.SSS][main]utilities.LoggerLoad1)-User is trying the incorrect code 
['INFO ]2023-05-10 10:48:07,576(yyyy-MM-ddHH:mm:ss.SSS][main]utilities.LoggerLoad1)-Website Launched
['INFO ]2023-05-10 10:48:09,307(yyyy-MM-ddHH:mm:ss.SSS][main]utilities.LoggerLoad1)-Clicked on Get started button
['INFO ]2023-05-10 10:48:09,508(yyyy-MM-ddHH:mm:ss.SSS][main]utilities.LoggerLoad1)-Clicked on register button 
['INFO ]2023-05-10 10:48:10,853(yyyy-MM-ddHH:mm:ss.SSS][main]utilities.LoggerLoad1)-User is in Loginpage
['INFO ]2023-05-10 10:48:12,764(yyyy-MM-ddHH:mm:ss.SSS][main]utilities.LoggerLoad1)-User tested the corect code
['INFO ]2023-05-10 10:48:13,117(yyyy-MM-ddHH:mm:ss.SSS][main]utilities.LoggerLoad1)-User is trying the incorrect code 
['INFO ]2023-05-10 10:48:14,252(yyyy-MM-ddHH:mm:ss.SSS][main]utilities.LoggerLoad1)-User tried the incorrect code in arrays
['INFO ]2023-05-10 10:51:01,733(yyyy-MM-ddHH:mm:ss.SSS][main]utilities.LoggerLoad1)-Website Launched
['INFO ]2023-05-10 10:51:03,465(yyyy-MM-ddHH:mm:ss.SSS][main]utilities.LoggerLoad1)-Clicked on Get started button
['INFO ]2023-05-10 10:51:03,658(yyyy-MM-ddHH:mm:ss.SSS][main]utilities.LoggerLoad1)-Clicked on register button 
['INFO ]2023-05-10 10:51:05,023(yyyy-MM-ddHH:mm:ss.SSS][main]utilities.LoggerLoad1)-User is in Loginpage
['INFO ]2023-05-10 10:51:06,781(yyyy-MM-ddHH:mm:ss.SSS][main]utilities.LoggerLoad1)-User tested the corect code
['INFO ]2023-05-10 10:51:07,139(yyyy-MM-ddHH:mm:ss.SSS][main]utilities.LoggerLoad1)-User is trying the incorrect code 
['INFO ]2023-05-10 10:51:08,322(yyyy-MM-ddHH:mm:ss.SSS][main]utilities.LoggerLoad1)-User tried the incorrect code in arrays
['INFO ]2023-05-10 10:53:02,451(yyyy-MM-ddHH:mm:ss.SSS][main]utilities.LoggerLoad1)-Website Launched
['INFO ]2023-05-10 10:53:04,116(yyyy-MM-ddHH:mm:ss.SSS][main]utilities.LoggerLoad1)-Clicked on Get started button
['INFO ]2023-05-10 10:53:04,278(yyyy-MM-ddHH:mm:ss.SSS][main]utilities.LoggerLoad1)-Clicked on register button 
['INFO ]2023-05-10 10:53:05,395(yyyy-MM-ddHH:mm:ss.SSS][main]utilities.LoggerLoad1)-User is in Loginpage
['INFO ]2023-05-10 10:53:07,272(yyyy-MM-ddHH:mm:ss.SSS][main]utilities.LoggerLoad1)-User tested the corect code
['INFO ]2023-05-10 10:53:07,629(yyyy-MM-ddHH:mm:ss.SSS][main]utilities.LoggerLoad1)-User is trying the incorrect code 
['INFO ]2023-05-10 10:53:08,796(yyyy-MM-ddHH:mm:ss.SSS][main]utilities.LoggerLoad1)-User tried the incorrect code in arrays
